2020-01-06 00:27:00,945 INFO 4184 [egg-schedule]: register schedule F:\project\Shopping\server\node_modules\_egg-multipart@2.10.1@egg-multipart\app\schedule\clean_tmpdir.js
2020-01-06 00:27:00,945 INFO 4184 [egg-schedule]: register schedule F:\project\Shopping\server\node_modules\_egg-logrotator@3.1.0@egg-logrotator\app\schedule\clean_log.js
2020-01-06 00:27:00,945 INFO 4184 [egg-schedule]: register schedule F:\project\Shopping\server\node_modules\_egg-logrotator@3.1.0@egg-logrotator\app\schedule\rotate_by_file.js
2020-01-06 00:27:02,711 INFO 12404 [egg-schedule]: register schedule F:\project\Shopping\server\node_modules\_egg-multipart@2.10.1@egg-multipart\app\schedule\clean_tmpdir.js
2020-01-06 00:27:02,711 INFO 12404 [egg-schedule]: register schedule F:\project\Shopping\server\node_modules\_egg-logrotator@3.1.0@egg-logrotator\app\schedule\clean_log.js
2020-01-06 00:27:02,711 INFO 12404 [egg-schedule]: register schedule F:\project\Shopping\server\node_modules\_egg-logrotator@3.1.0@egg-logrotator\app\schedule\rotate_by_file.js
2020-01-06 08:15:47,610 INFO 3028 [egg-schedule]: register schedule E:\project\shop\server\node_modules\_egg-multipart@2.10.1@egg-multipart\app\schedule\clean_tmpdir.js
2020-01-06 08:15:47,610 INFO 3028 [egg-schedule]: register schedule E:\project\shop\server\node_modules\_egg-logrotator@3.1.0@egg-logrotator\app\schedule\clean_log.js
2020-01-06 08:15:47,610 INFO 3028 [egg-schedule]: register schedule E:\project\shop\server\node_modules\_egg-logrotator@3.1.0@egg-logrotator\app\schedule\rotate_by_file.js
2020-01-06 08:16:00,515 INFO 7376 [Timer] E:\project\shop\server\node_modules\_egg-multipart@2.10.1@egg-multipart\app\schedule\clean_tmpdir.js next time will execute after 72839489ms at 2020-01-07 04:30:00.004
2020-01-06 08:16:00,515 INFO 7376 [Timer] E:\project\shop\server\node_modules\_egg-logrotator@3.1.0@egg-logrotator\app\schedule\clean_log.js next time will execute after 56639485ms at 2020-01-07 00:00:00.000
2020-01-06 08:16:00,516 INFO 7376 [Timer] E:\project\shop\server\node_modules\_egg-logrotator@3.1.0@egg-logrotator\app\schedule\rotate_by_file.js next time will execute after 56640484ms at 2020-01-07 00:00:01.000
2020-01-06 20:39:09,284 INFO 12420 [egg-schedule]: register schedule F:\project\Shopping\server\node_modules\_egg-multipart@2.10.1@egg-multipart\app\schedule\clean_tmpdir.js
2020-01-06 20:39:09,284 INFO 12420 [egg-schedule]: register schedule F:\project\Shopping\server\node_modules\_egg-logrotator@3.1.0@egg-logrotator\app\schedule\clean_log.js
2020-01-06 20:39:09,284 INFO 12420 [egg-schedule]: register schedule F:\project\Shopping\server\node_modules\_egg-logrotator@3.1.0@egg-logrotator\app\schedule\rotate_by_file.js
2020-01-06 20:39:09,564 INFO 14412 [egg-schedule]: register schedule F:\project\Shopping\server\node_modules\_egg-multipart@2.10.1@egg-multipart\app\schedule\clean_tmpdir.js
2020-01-06 20:39:09,564 INFO 14412 [egg-schedule]: register schedule F:\project\Shopping\server\node_modules\_egg-logrotator@3.1.0@egg-logrotator\app\schedule\clean_log.js
2020-01-06 20:39:09,564 INFO 14412 [egg-schedule]: register schedule F:\project\Shopping\server\node_modules\_egg-logrotator@3.1.0@egg-logrotator\app\schedule\rotate_by_file.js
2020-01-06 20:39:35,237 INFO 1020 [Timer] F:\project\Shopping\server\node_modules\_egg-multipart@2.10.1@egg-multipart\app\schedule\clean_tmpdir.js next time will execute after 28224765ms at 2020-01-07 04:30:00.002
2020-01-06 20:39:35,237 INFO 1020 [Timer] F:\project\Shopping\server\node_modules\_egg-logrotator@3.1.0@egg-logrotator\app\schedule\clean_log.js next time will execute after 12024763ms at 2020-01-07 00:00:00.000
2020-01-06 20:39:35,237 INFO 1020 [Timer] F:\project\Shopping\server\node_modules\_egg-logrotator@3.1.0@egg-logrotator\app\schedule\rotate_by_file.js next time will execute after 12025763ms at 2020-01-07 00:00:01.000
2020-01-06 20:39:36,086 INFO 15048 [egg-schedule]: register schedule F:\project\Shopping\server\node_modules\_egg-multipart@2.10.1@egg-multipart\app\schedule\clean_tmpdir.js
2020-01-06 20:39:36,086 INFO 15048 [egg-schedule]: register schedule F:\project\Shopping\server\node_modules\_egg-logrotator@3.1.0@egg-logrotator\app\schedule\clean_log.js
2020-01-06 20:39:36,086 INFO 15048 [egg-schedule]: register schedule F:\project\Shopping\server\node_modules\_egg-logrotator@3.1.0@egg-logrotator\app\schedule\rotate_by_file.js
2020-01-06 20:39:37,433 INFO 15176 [egg-schedule]: register schedule F:\project\Shopping\server\node_modules\_egg-multipart@2.10.1@egg-multipart\app\schedule\clean_tmpdir.js
2020-01-06 20:39:37,433 INFO 15176 [egg-schedule]: register schedule F:\project\Shopping\server\node_modules\_egg-logrotator@3.1.0@egg-logrotator\app\schedule\clean_log.js
2020-01-06 20:39:37,433 INFO 15176 [egg-schedule]: register schedule F:\project\Shopping\server\node_modules\_egg-logrotator@3.1.0@egg-logrotator\app\schedule\rotate_by_file.js
2020-01-07 08:22:08,760 INFO 6932 [egg-schedule]: register schedule E:\project\shop\server\node_modules\_egg-multipart@2.10.1@egg-multipart\app\schedule\clean_tmpdir.js
2020-01-07 08:22:08,760 INFO 6932 [egg-schedule]: register schedule E:\project\shop\server\node_modules\_egg-logrotator@3.1.0@egg-logrotator\app\schedule\clean_log.js
2020-01-07 08:22:08,760 INFO 6932 [egg-schedule]: register schedule E:\project\shop\server\node_modules\_egg-logrotator@3.1.0@egg-logrotator\app\schedule\rotate_by_file.js
2020-01-07 08:22:16,362 INFO 6812 [Timer] E:\project\shop\server\node_modules\_egg-multipart@2.10.1@egg-multipart\app\schedule\clean_tmpdir.js next time will execute after 72463642ms at 2020-01-08 04:30:00.004
2020-01-07 08:22:16,362 INFO 6812 [Timer] E:\project\shop\server\node_modules\_egg-logrotator@3.1.0@egg-logrotator\app\schedule\clean_log.js next time will execute after 56263638ms at 2020-01-08 00:00:00.000
2020-01-07 08:22:16,363 INFO 6812 [Timer] E:\project\shop\server\node_modules\_egg-logrotator@3.1.0@egg-logrotator\app\schedule\rotate_by_file.js next time will execute after 56264637ms at 2020-01-08 00:00:01.000
2020-01-07 21:46:24,043 INFO 2248 [egg-schedule]: register schedule F:\project\Shopping\server\node_modules\_egg-multipart@2.10.1@egg-multipart\app\schedule\clean_tmpdir.js
2020-01-07 21:46:24,043 INFO 2248 [egg-schedule]: register schedule F:\project\Shopping\server\node_modules\_egg-logrotator@3.1.0@egg-logrotator\app\schedule\clean_log.js
2020-01-07 21:46:24,043 INFO 2248 [egg-schedule]: register schedule F:\project\Shopping\server\node_modules\_egg-logrotator@3.1.0@egg-logrotator\app\schedule\rotate_by_file.js
2020-01-07 21:46:24,634 INFO 14844 [Timer] F:\project\Shopping\server\node_modules\_egg-multipart@2.10.1@egg-multipart\app\schedule\clean_tmpdir.js next time will execute after 24215367ms at 2020-01-08 04:30:00.001
2020-01-07 21:46:24,635 INFO 14844 [Timer] F:\project\Shopping\server\node_modules\_egg-logrotator@3.1.0@egg-logrotator\app\schedule\clean_log.js next time will execute after 8015366ms at 2020-01-08 00:00:00.001
2020-01-07 21:46:24,635 INFO 14844 [Timer] F:\project\Shopping\server\node_modules\_egg-logrotator@3.1.0@egg-logrotator\app\schedule\rotate_by_file.js next time will execute after 8016365ms at 2020-01-08 00:00:01.000
2020-01-07 21:46:25,067 INFO 7372 [egg-schedule]: register schedule F:\project\Shopping\server\node_modules\_egg-multipart@2.10.1@egg-multipart\app\schedule\clean_tmpdir.js
2020-01-07 21:46:25,067 INFO 7372 [egg-schedule]: register schedule F:\project\Shopping\server\node_modules\_egg-logrotator@3.1.0@egg-logrotator\app\schedule\clean_log.js
2020-01-07 21:46:25,067 INFO 7372 [egg-schedule]: register schedule F:\project\Shopping\server\node_modules\_egg-logrotator@3.1.0@egg-logrotator\app\schedule\rotate_by_file.js
2020-01-07 21:46:26,345 INFO 9656 [egg-schedule]: register schedule F:\project\Shopping\server\node_modules\_egg-multipart@2.10.1@egg-multipart\app\schedule\clean_tmpdir.js
2020-01-07 21:46:26,345 INFO 9656 [egg-schedule]: register schedule F:\project\Shopping\server\node_modules\_egg-logrotator@3.1.0@egg-logrotator\app\schedule\clean_log.js
2020-01-07 21:46:26,345 INFO 9656 [egg-schedule]: register schedule F:\project\Shopping\server\node_modules\_egg-logrotator@3.1.0@egg-logrotator\app\schedule\rotate_by_file.js
2020-01-08 08:26:22,968 INFO 5040 [egg-schedule]: register schedule E:\project\shop\server\node_modules\_egg-multipart@2.10.1@egg-multipart\app\schedule\clean_tmpdir.js
2020-01-08 08:26:22,968 INFO 5040 [egg-schedule]: register schedule E:\project\shop\server\node_modules\_egg-logrotator@3.1.0@egg-logrotator\app\schedule\clean_log.js
2020-01-08 08:26:22,968 INFO 5040 [egg-schedule]: register schedule E:\project\shop\server\node_modules\_egg-logrotator@3.1.0@egg-logrotator\app\schedule\rotate_by_file.js
2020-01-08 08:26:26,685 INFO 1048 [Timer] E:\project\shop\server\node_modules\_egg-multipart@2.10.1@egg-multipart\app\schedule\clean_tmpdir.js next time will execute after 72213318ms at 2020-01-09 04:30:00.003
2020-01-08 08:26:26,686 INFO 1048 [Timer] E:\project\shop\server\node_modules\_egg-logrotator@3.1.0@egg-logrotator\app\schedule\clean_log.js next time will execute after 56013314ms at 2020-01-09 00:00:00.000
2020-01-08 08:26:26,687 INFO 1048 [Timer] E:\project\shop\server\node_modules\_egg-logrotator@3.1.0@egg-logrotator\app\schedule\rotate_by_file.js next time will execute after 56014314ms at 2020-01-09 00:00:01.001
2020-01-08 19:39:11,611 INFO 9780 [egg-schedule]: register schedule F:\project\Shopping\server\node_modules\_egg-multipart@2.10.1@egg-multipart\app\schedule\clean_tmpdir.js
2020-01-08 19:39:11,611 INFO 9780 [egg-schedule]: register schedule F:\project\Shopping\server\node_modules\_egg-logrotator@3.1.0@egg-logrotator\app\schedule\clean_log.js
2020-01-08 19:39:11,611 INFO 9780 [egg-schedule]: register schedule F:\project\Shopping\server\node_modules\_egg-logrotator@3.1.0@egg-logrotator\app\schedule\rotate_by_file.js
2020-01-08 19:39:11,187 INFO 10916 [egg-schedule]: register schedule F:\project\Shopping\server\node_modules\_egg-multipart@2.10.1@egg-multipart\app\schedule\clean_tmpdir.js
2020-01-08 19:39:11,187 INFO 10916 [egg-schedule]: register schedule F:\project\Shopping\server\node_modules\_egg-logrotator@3.1.0@egg-logrotator\app\schedule\clean_log.js
2020-01-08 19:39:11,187 INFO 10916 [egg-schedule]: register schedule F:\project\Shopping\server\node_modules\_egg-logrotator@3.1.0@egg-logrotator\app\schedule\rotate_by_file.js
2020-01-08 19:39:22,421 INFO 2604 [Timer] F:\project\Shopping\server\node_modules\_egg-multipart@2.10.1@egg-multipart\app\schedule\clean_tmpdir.js next time will execute after 31837581ms at 2020-01-09 04:30:00.002
2020-01-08 19:39:22,421 INFO 2604 [Timer] F:\project\Shopping\server\node_modules\_egg-logrotator@3.1.0@egg-logrotator\app\schedule\clean_log.js next time will execute after 15637579ms at 2020-01-09 00:00:00.000
2020-01-08 19:39:22,421 INFO 2604 [Timer] F:\project\Shopping\server\node_modules\_egg-logrotator@3.1.0@egg-logrotator\app\schedule\rotate_by_file.js next time will execute after 15638579ms at 2020-01-09 00:00:01.000
2020-01-08 19:39:23,182 INFO 15380 [egg-schedule]: register schedule F:\project\Shopping\server\node_modules\_egg-multipart@2.10.1@egg-multipart\app\schedule\clean_tmpdir.js
2020-01-08 19:39:23,182 INFO 15380 [egg-schedule]: register schedule F:\project\Shopping\server\node_modules\_egg-logrotator@3.1.0@egg-logrotator\app\schedule\clean_log.js
2020-01-08 19:39:23,182 INFO 15380 [egg-schedule]: register schedule F:\project\Shopping\server\node_modules\_egg-logrotator@3.1.0@egg-logrotator\app\schedule\rotate_by_file.js
2020-01-08 19:39:24,667 INFO 11628 [egg-schedule]: register schedule F:\project\Shopping\server\node_modules\_egg-multipart@2.10.1@egg-multipart\app\schedule\clean_tmpdir.js
2020-01-08 19:39:24,667 INFO 11628 [egg-schedule]: register schedule F:\project\Shopping\server\node_modules\_egg-logrotator@3.1.0@egg-logrotator\app\schedule\clean_log.js
2020-01-08 19:39:24,667 INFO 11628 [egg-schedule]: register schedule F:\project\Shopping\server\node_modules\_egg-logrotator@3.1.0@egg-logrotator\app\schedule\rotate_by_file.js
2020-01-09 08:11:45,251 INFO 2632 [egg-schedule]: register schedule E:\project\shop\server\node_modules\_egg-multipart@2.10.1@egg-multipart\app\schedule\clean_tmpdir.js
2020-01-09 08:11:45,251 INFO 2632 [egg-schedule]: register schedule E:\project\shop\server\node_modules\_egg-logrotator@3.1.0@egg-logrotator\app\schedule\clean_log.js
2020-01-09 08:11:45,251 INFO 2632 [egg-schedule]: register schedule E:\project\shop\server\node_modules\_egg-logrotator@3.1.0@egg-logrotator\app\schedule\rotate_by_file.js
2020-01-09 08:11:51,466 INFO 9400 [Timer] E:\project\shop\server\node_modules\_egg-multipart@2.10.1@egg-multipart\app\schedule\clean_tmpdir.js next time will execute after 73088540ms at 2020-01-10 04:30:00.006
2020-01-09 08:11:51,467 INFO 9400 [Timer] E:\project\shop\server\node_modules\_egg-logrotator@3.1.0@egg-logrotator\app\schedule\clean_log.js next time will execute after 56888534ms at 2020-01-10 00:00:00.001
2020-01-09 08:11:51,468 INFO 9400 [Timer] E:\project\shop\server\node_modules\_egg-logrotator@3.1.0@egg-logrotator\app\schedule\rotate_by_file.js next time will execute after 56889533ms at 2020-01-10 00:00:01.001
2020-01-09 15:24:31,648 INFO 8204 [egg-schedule]: register schedule E:\project\finish\shop\server\node_modules\_egg-multipart@2.10.1@egg-multipart\app\schedule\clean_tmpdir.js
2020-01-09 15:24:31,648 INFO 8204 [egg-schedule]: register schedule E:\project\finish\shop\server\node_modules\_egg-logrotator@3.1.0@egg-logrotator\app\schedule\clean_log.js
2020-01-09 15:24:31,648 INFO 8204 [egg-schedule]: register schedule E:\project\finish\shop\server\node_modules\_egg-logrotator@3.1.0@egg-logrotator\app\schedule\rotate_by_file.js
2020-01-09 15:24:32,607 INFO 6360 [Timer] E:\project\finish\shop\server\node_modules\_egg-multipart@2.10.1@egg-multipart\app\schedule\clean_tmpdir.js next time will execute after 47127395ms at 2020-01-10 04:30:00.002
2020-01-09 15:24:32,608 INFO 6360 [Timer] E:\project\finish\shop\server\node_modules\_egg-logrotator@3.1.0@egg-logrotator\app\schedule\clean_log.js next time will execute after 30927393ms at 2020-01-10 00:00:00.001
2020-01-09 15:24:32,608 INFO 6360 [Timer] E:\project\finish\shop\server\node_modules\_egg-logrotator@3.1.0@egg-logrotator\app\schedule\rotate_by_file.js next time will execute after 30928392ms at 2020-01-10 00:00:01.000
2020-01-09 21:21:09,839 INFO 11496 [egg-schedule]: register schedule F:\project\Shopping\server\node_modules\_egg-multipart@2.10.1@egg-multipart\app\schedule\clean_tmpdir.js
2020-01-09 21:21:09,839 INFO 11496 [egg-schedule]: register schedule F:\project\Shopping\server\node_modules\_egg-logrotator@3.1.0@egg-logrotator\app\schedule\clean_log.js
2020-01-09 21:21:09,839 INFO 11496 [egg-schedule]: register schedule F:\project\Shopping\server\node_modules\_egg-logrotator@3.1.0@egg-logrotator\app\schedule\rotate_by_file.js
2020-01-09 21:21:10,257 INFO 11220 [egg-schedule]: register schedule F:\project\Shopping\server\node_modules\_egg-multipart@2.10.1@egg-multipart\app\schedule\clean_tmpdir.js
2020-01-09 21:21:10,257 INFO 11220 [egg-schedule]: register schedule F:\project\Shopping\server\node_modules\_egg-logrotator@3.1.0@egg-logrotator\app\schedule\clean_log.js
2020-01-09 21:21:10,257 INFO 11220 [egg-schedule]: register schedule F:\project\Shopping\server\node_modules\_egg-logrotator@3.1.0@egg-logrotator\app\schedule\rotate_by_file.js
2020-01-09 21:21:18,898 INFO 6448 [Timer] F:\project\Shopping\server\node_modules\_egg-multipart@2.10.1@egg-multipart\app\schedule\clean_tmpdir.js next time will execute after 25721104ms at 2020-01-10 04:30:00.002
2020-01-09 21:21:18,898 INFO 6448 [Timer] F:\project\Shopping\server\node_modules\_egg-logrotator@3.1.0@egg-logrotator\app\schedule\clean_log.js next time will execute after 9521102ms at 2020-01-10 00:00:00.000
2020-01-09 21:21:18,898 INFO 6448 [Timer] F:\project\Shopping\server\node_modules\_egg-logrotator@3.1.0@egg-logrotator\app\schedule\rotate_by_file.js next time will execute after 9522102ms at 2020-01-10 00:00:01.000
2020-01-09 21:21:19,819 INFO 3660 [egg-schedule]: register schedule F:\project\Shopping\server\node_modules\_egg-multipart@2.10.1@egg-multipart\app\schedule\clean_tmpdir.js
2020-01-09 21:21:19,819 INFO 3660 [egg-schedule]: register schedule F:\project\Shopping\server\node_modules\_egg-logrotator@3.1.0@egg-logrotator\app\schedule\clean_log.js
2020-01-09 21:21:19,819 INFO 3660 [egg-schedule]: register schedule F:\project\Shopping\server\node_modules\_egg-logrotator@3.1.0@egg-logrotator\app\schedule\rotate_by_file.js
2020-01-09 21:21:21,463 INFO 14044 [egg-schedule]: register schedule F:\project\Shopping\server\node_modules\_egg-multipart@2.10.1@egg-multipart\app\schedule\clean_tmpdir.js
2020-01-09 21:21:21,463 INFO 14044 [egg-schedule]: register schedule F:\project\Shopping\server\node_modules\_egg-logrotator@3.1.0@egg-logrotator\app\schedule\clean_log.js
2020-01-09 21:21:21,463 INFO 14044 [egg-schedule]: register schedule F:\project\Shopping\server\node_modules\_egg-logrotator@3.1.0@egg-logrotator\app\schedule\rotate_by_file.js
2020-01-10 08:16:42,800 INFO 9888 [egg-schedule]: register schedule E:\project\finish\shop\server\node_modules\_egg-multipart@2.10.1@egg-multipart\app\schedule\clean_tmpdir.js
2020-01-10 08:16:42,800 INFO 9888 [egg-schedule]: register schedule E:\project\finish\shop\server\node_modules\_egg-logrotator@3.1.0@egg-logrotator\app\schedule\clean_log.js
2020-01-10 08:16:42,800 INFO 9888 [egg-schedule]: register schedule E:\project\finish\shop\server\node_modules\_egg-logrotator@3.1.0@egg-logrotator\app\schedule\rotate_by_file.js
2020-01-10 08:16:49,783 INFO 9112 [Timer] E:\project\finish\shop\server\node_modules\_egg-multipart@2.10.1@egg-multipart\app\schedule\clean_tmpdir.js next time will execute after 72790221ms at 2020-01-11 04:30:00.004
2020-01-10 08:16:49,784 INFO 9112 [Timer] E:\project\finish\shop\server\node_modules\_egg-logrotator@3.1.0@egg-logrotator\app\schedule\clean_log.js next time will execute after 56590216ms at 2020-01-11 00:00:00.000
2020-01-10 08:16:49,786 INFO 9112 [Timer] E:\project\finish\shop\server\node_modules\_egg-logrotator@3.1.0@egg-logrotator\app\schedule\rotate_by_file.js next time will execute after 56591216ms at 2020-01-11 00:00:01.002
2020-01-10 09:22:30,958 INFO 9412 [egg-schedule]: register schedule E:\project\finish\shop\server\node_modules\_egg-multipart@2.10.1@egg-multipart\app\schedule\clean_tmpdir.js
2020-01-10 09:22:30,958 INFO 9412 [egg-schedule]: register schedule E:\project\finish\shop\server\node_modules\_egg-logrotator@3.1.0@egg-logrotator\app\schedule\clean_log.js
2020-01-10 09:22:30,958 INFO 9412 [egg-schedule]: register schedule E:\project\finish\shop\server\node_modules\_egg-logrotator@3.1.0@egg-logrotator\app\schedule\rotate_by_file.js
2020-01-10 09:22:36,084 INFO 10552 [Timer] E:\project\finish\shop\server\node_modules\_egg-multipart@2.10.1@egg-multipart\app\schedule\clean_tmpdir.js next time will execute after 68843920ms at 2020-01-11 04:30:00.004
2020-01-10 09:22:36,085 INFO 10552 [Timer] E:\project\finish\shop\server\node_modules\_egg-logrotator@3.1.0@egg-logrotator\app\schedule\clean_log.js next time will execute after 52643916ms at 2020-01-11 00:00:00.001
2020-01-10 09:22:36,085 INFO 10552 [Timer] E:\project\finish\shop\server\node_modules\_egg-logrotator@3.1.0@egg-logrotator\app\schedule\rotate_by_file.js next time will execute after 52644915ms at 2020-01-11 00:00:01.000
2020-01-10 21:15:54,313 INFO 12064 [egg-schedule]: register schedule F:\project\Shopping\server\node_modules\_egg-multipart@2.10.1@egg-multipart\app\schedule\clean_tmpdir.js
2020-01-10 21:15:54,313 INFO 12064 [egg-schedule]: register schedule F:\project\Shopping\server\node_modules\_egg-logrotator@3.1.0@egg-logrotator\app\schedule\clean_log.js
2020-01-10 21:15:54,313 INFO 12064 [egg-schedule]: register schedule F:\project\Shopping\server\node_modules\_egg-logrotator@3.1.0@egg-logrotator\app\schedule\rotate_by_file.js
2020-01-10 21:15:54,607 INFO 6512 [egg-schedule]: register schedule F:\project\Shopping\server\node_modules\_egg-multipart@2.10.1@egg-multipart\app\schedule\clean_tmpdir.js
2020-01-10 21:15:54,607 INFO 6512 [egg-schedule]: register schedule F:\project\Shopping\server\node_modules\_egg-logrotator@3.1.0@egg-logrotator\app\schedule\clean_log.js
2020-01-10 21:15:54,607 INFO 6512 [egg-schedule]: register schedule F:\project\Shopping\server\node_modules\_egg-logrotator@3.1.0@egg-logrotator\app\schedule\rotate_by_file.js
2020-01-10 21:16:06,216 INFO 3568 [Timer] F:\project\Shopping\server\node_modules\_egg-multipart@2.10.1@egg-multipart\app\schedule\clean_tmpdir.js next time will execute after 26033786ms at 2020-01-11 04:30:00.002
2020-01-10 21:16:06,216 INFO 3568 [Timer] F:\project\Shopping\server\node_modules\_egg-logrotator@3.1.0@egg-logrotator\app\schedule\clean_log.js next time will execute after 9833784ms at 2020-01-11 00:00:00.000
2020-01-10 21:16:06,216 INFO 3568 [Timer] F:\project\Shopping\server\node_modules\_egg-logrotator@3.1.0@egg-logrotator\app\schedule\rotate_by_file.js next time will execute after 9834784ms at 2020-01-11 00:00:01.000
2020-01-10 21:16:07,097 INFO 2868 [egg-schedule]: register schedule F:\project\Shopping\server\node_modules\_egg-multipart@2.10.1@egg-multipart\app\schedule\clean_tmpdir.js
2020-01-10 21:16:07,097 INFO 2868 [egg-schedule]: register schedule F:\project\Shopping\server\node_modules\_egg-logrotator@3.1.0@egg-logrotator\app\schedule\clean_log.js
2020-01-10 21:16:07,097 INFO 2868 [egg-schedule]: register schedule F:\project\Shopping\server\node_modules\_egg-logrotator@3.1.0@egg-logrotator\app\schedule\rotate_by_file.js
2020-01-10 21:16:08,481 INFO 17896 [egg-schedule]: register schedule F:\project\Shopping\server\node_modules\_egg-multipart@2.10.1@egg-multipart\app\schedule\clean_tmpdir.js
2020-01-10 21:16:08,481 INFO 17896 [egg-schedule]: register schedule F:\project\Shopping\server\node_modules\_egg-logrotator@3.1.0@egg-logrotator\app\schedule\clean_log.js
2020-01-10 21:16:08,481 INFO 17896 [egg-schedule]: register schedule F:\project\Shopping\server\node_modules\_egg-logrotator@3.1.0@egg-logrotator\app\schedule\rotate_by_file.js
2020-01-11 08:20:27,417 INFO 4756 [egg-schedule]: register schedule E:\project\finish\shop\server\node_modules\_egg-multipart@2.10.1@egg-multipart\app\schedule\clean_tmpdir.js
2020-01-11 08:20:27,417 INFO 4756 [egg-schedule]: register schedule E:\project\finish\shop\server\node_modules\_egg-logrotator@3.1.0@egg-logrotator\app\schedule\clean_log.js
2020-01-11 08:20:27,417 INFO 4756 [egg-schedule]: register schedule E:\project\finish\shop\server\node_modules\_egg-logrotator@3.1.0@egg-logrotator\app\schedule\rotate_by_file.js
2020-01-11 08:20:31,703 INFO 6416 [Timer] E:\project\finish\shop\server\node_modules\_egg-multipart@2.10.1@egg-multipart\app\schedule\clean_tmpdir.js next time will execute after 72568301ms at 2020-01-12 04:30:00.003
2020-01-11 08:20:31,703 INFO 6416 [Timer] E:\project\finish\shop\server\node_modules\_egg-logrotator@3.1.0@egg-logrotator\app\schedule\clean_log.js next time will execute after 56368297ms at 2020-01-12 00:00:00.000
2020-01-11 08:20:31,704 INFO 6416 [Timer] E:\project\finish\shop\server\node_modules\_egg-logrotator@3.1.0@egg-logrotator\app\schedule\rotate_by_file.js next time will execute after 56369297ms at 2020-01-12 00:00:01.001
2020-01-11 17:19:53,903 INFO 13052 [egg-schedule]: register schedule E:\project\finish\shop\server\node_modules\_egg-multipart@2.10.1@egg-multipart\app\schedule\clean_tmpdir.js
2020-01-11 17:19:53,903 INFO 13052 [egg-schedule]: register schedule E:\project\finish\shop\server\node_modules\_egg-logrotator@3.1.0@egg-logrotator\app\schedule\clean_log.js
2020-01-11 17:19:53,903 INFO 13052 [egg-schedule]: register schedule E:\project\finish\shop\server\node_modules\_egg-logrotator@3.1.0@egg-logrotator\app\schedule\rotate_by_file.js
2020-01-11 17:19:58,166 INFO 13196 [Timer] E:\project\finish\shop\server\node_modules\_egg-multipart@2.10.1@egg-multipart\app\schedule\clean_tmpdir.js next time will execute after 40201837ms at 2020-01-12 04:30:00.003
2020-01-11 17:19:58,167 INFO 13196 [Timer] E:\project\finish\shop\server\node_modules\_egg-logrotator@3.1.0@egg-logrotator\app\schedule\clean_log.js next time will execute after 24001833ms at 2020-01-12 00:00:00.000
2020-01-11 17:19:58,167 INFO 13196 [Timer] E:\project\finish\shop\server\node_modules\_egg-logrotator@3.1.0@egg-logrotator\app\schedule\rotate_by_file.js next time will execute after 24002833ms at 2020-01-12 00:00:01.000
2020-01-13 10:39:15,516 INFO 9232 [egg-schedule]: register schedule E:\project\finish\shop\server\node_modules\_egg-multipart@2.10.1@egg-multipart\app\schedule\clean_tmpdir.js
2020-01-13 10:39:15,516 INFO 9232 [egg-schedule]: register schedule E:\project\finish\shop\server\node_modules\_egg-logrotator@3.1.0@egg-logrotator\app\schedule\clean_log.js
2020-01-13 10:39:15,516 INFO 9232 [egg-schedule]: register schedule E:\project\finish\shop\server\node_modules\_egg-logrotator@3.1.0@egg-logrotator\app\schedule\rotate_by_file.js
2020-01-13 10:39:19,370 INFO 10052 [Timer] E:\project\finish\shop\server\node_modules\_egg-multipart@2.10.1@egg-multipart\app\schedule\clean_tmpdir.js next time will execute after 64240634ms at 2020-01-14 04:30:00.004
2020-01-13 10:39:19,371 INFO 10052 [Timer] E:\project\finish\shop\server\node_modules\_egg-logrotator@3.1.0@egg-logrotator\app\schedule\clean_log.js next time will execute after 48040629ms at 2020-01-14 00:00:00.000
2020-01-13 10:39:19,372 INFO 10052 [Timer] E:\project\finish\shop\server\node_modules\_egg-logrotator@3.1.0@egg-logrotator\app\schedule\rotate_by_file.js next time will execute after 48041629ms at 2020-01-14 00:00:01.001
2020-01-13 10:46:26,146 INFO 6604 [egg-schedule]: register schedule E:\project\finish\shop\server\node_modules\_egg-multipart@2.10.1@egg-multipart\app\schedule\clean_tmpdir.js
2020-01-13 10:46:26,146 INFO 6604 [egg-schedule]: register schedule E:\project\finish\shop\server\node_modules\_egg-logrotator@3.1.0@egg-logrotator\app\schedule\clean_log.js
2020-01-13 10:46:26,146 INFO 6604 [egg-schedule]: register schedule E:\project\finish\shop\server\node_modules\_egg-logrotator@3.1.0@egg-logrotator\app\schedule\rotate_by_file.js
2020-01-13 10:46:29,982 INFO 1796 [Timer] E:\project\finish\shop\server\node_modules\_egg-multipart@2.10.1@egg-multipart\app\schedule\clean_tmpdir.js next time will execute after 63810022ms at 2020-01-14 04:30:00.004
2020-01-13 10:46:29,983 INFO 1796 [Timer] E:\project\finish\shop\server\node_modules\_egg-logrotator@3.1.0@egg-logrotator\app\schedule\clean_log.js next time will execute after 47610018ms at 2020-01-14 00:00:00.000
2020-01-13 10:46:29,983 INFO 1796 [Timer] E:\project\finish\shop\server\node_modules\_egg-logrotator@3.1.0@egg-logrotator\app\schedule\rotate_by_file.js next time will execute after 47611017ms at 2020-01-14 00:00:01.000
2020-01-13 21:25:23,529 INFO 6840 [egg-schedule]: register schedule F:\project\Shopping\server\node_modules\_egg-multipart@2.10.1@egg-multipart\app\schedule\clean_tmpdir.js
2020-01-13 21:25:23,529 INFO 6840 [egg-schedule]: register schedule F:\project\Shopping\server\node_modules\_egg-logrotator@3.1.0@egg-logrotator\app\schedule\clean_log.js
2020-01-13 21:25:23,529 INFO 6840 [egg-schedule]: register schedule F:\project\Shopping\server\node_modules\_egg-logrotator@3.1.0@egg-logrotator\app\schedule\rotate_by_file.js
2020-01-13 21:25:23,649 INFO 2460 [egg-schedule]: register schedule F:\project\Shopping\server\node_modules\_egg-multipart@2.10.1@egg-multipart\app\schedule\clean_tmpdir.js
2020-01-13 21:25:23,649 INFO 2460 [egg-schedule]: register schedule F:\project\Shopping\server\node_modules\_egg-logrotator@3.1.0@egg-logrotator\app\schedule\clean_log.js
2020-01-13 21:25:23,649 INFO 2460 [egg-schedule]: register schedule F:\project\Shopping\server\node_modules\_egg-logrotator@3.1.0@egg-logrotator\app\schedule\rotate_by_file.js
2020-01-13 21:25:35,675 INFO 3304 [Timer] F:\project\Shopping\server\node_modules\_egg-multipart@2.10.1@egg-multipart\app\schedule\clean_tmpdir.js next time will execute after 25464327ms at 2020-01-14 04:30:00.002
2020-01-13 21:25:35,675 INFO 3304 [Timer] F:\project\Shopping\server\node_modules\_egg-logrotator@3.1.0@egg-logrotator\app\schedule\clean_log.js next time will execute after 9264325ms at 2020-01-14 00:00:00.000
2020-01-13 21:25:35,676 INFO 3304 [Timer] F:\project\Shopping\server\node_modules\_egg-logrotator@3.1.0@egg-logrotator\app\schedule\rotate_by_file.js next time will execute after 9265325ms at 2020-01-14 00:00:01.000
2020-01-13 21:25:36,381 INFO 11856 [egg-schedule]: register schedule F:\project\Shopping\server\node_modules\_egg-multipart@2.10.1@egg-multipart\app\schedule\clean_tmpdir.js
2020-01-13 21:25:36,381 INFO 11856 [egg-schedule]: register schedule F:\project\Shopping\server\node_modules\_egg-logrotator@3.1.0@egg-logrotator\app\schedule\clean_log.js
2020-01-13 21:25:36,381 INFO 11856 [egg-schedule]: register schedule F:\project\Shopping\server\node_modules\_egg-logrotator@3.1.0@egg-logrotator\app\schedule\rotate_by_file.js
2020-01-13 21:25:37,652 INFO 8652 [egg-schedule]: register schedule F:\project\Shopping\server\node_modules\_egg-multipart@2.10.1@egg-multipart\app\schedule\clean_tmpdir.js
2020-01-13 21:25:37,652 INFO 8652 [egg-schedule]: register schedule F:\project\Shopping\server\node_modules\_egg-logrotator@3.1.0@egg-logrotator\app\schedule\clean_log.js
2020-01-13 21:25:37,652 INFO 8652 [egg-schedule]: register schedule F:\project\Shopping\server\node_modules\_egg-logrotator@3.1.0@egg-logrotator\app\schedule\rotate_by_file.js
2020-02-01 16:02:47,236 INFO 7244 [egg-schedule]: register schedule F:\project\Shopping\server\node_modules\_egg-multipart@2.10.1@egg-multipart\app\schedule\clean_tmpdir.js
2020-02-01 16:02:47,236 INFO 7244 [egg-schedule]: register schedule F:\project\Shopping\server\node_modules\_egg-logrotator@3.1.0@egg-logrotator\app\schedule\clean_log.js
2020-02-01 16:02:47,236 INFO 7244 [egg-schedule]: register schedule F:\project\Shopping\server\node_modules\_egg-logrotator@3.1.0@egg-logrotator\app\schedule\rotate_by_file.js
2020-02-01 16:02:56,497 INFO 7104 [Timer] F:\project\Shopping\server\node_modules\_egg-multipart@2.10.1@egg-multipart\app\schedule\clean_tmpdir.js next time will execute after 44823506ms at 2020-02-02 04:30:00.003
2020-02-01 16:02:56,497 INFO 7104 [Timer] F:\project\Shopping\server\node_modules\_egg-logrotator@3.1.0@egg-logrotator\app\schedule\clean_log.js next time will execute after 28623503ms at 2020-02-02 00:00:00.000
2020-02-01 16:02:56,498 INFO 7104 [Timer] F:\project\Shopping\server\node_modules\_egg-logrotator@3.1.0@egg-logrotator\app\schedule\rotate_by_file.js next time will execute after 28624503ms at 2020-02-02 00:00:01.001
2020-06-08 13:29:06,174 INFO 8628 [egg-schedule]: register schedule C:\Users\Administrator\Desktop\Shopping\server\node_modules\_egg-multipart@2.10.3@egg-multipart\app\schedule\clean_tmpdir.js
2020-06-08 13:29:06,174 INFO 8628 [egg-schedule]: register schedule C:\Users\Administrator\Desktop\Shopping\server\node_modules\_egg-logrotator@3.1.0@egg-logrotator\app\schedule\clean_log.js
2020-06-08 13:29:06,174 INFO 8628 [egg-schedule]: register schedule C:\Users\Administrator\Desktop\Shopping\server\node_modules\_egg-logrotator@3.1.0@egg-logrotator\app\schedule\rotate_by_file.js
2020-06-08 13:29:06,813 INFO 7316 [Timer] C:\Users\Administrator\Desktop\Shopping\server\node_modules\_egg-multipart@2.10.3@egg-multipart\app\schedule\clean_tmpdir.js next time will execute after 54053189ms at 2020-06-09 04:30:00.002
2020-06-08 13:29:06,813 INFO 7316 [Timer] C:\Users\Administrator\Desktop\Shopping\server\node_modules\_egg-logrotator@3.1.0@egg-logrotator\app\schedule\clean_log.js next time will execute after 37853187ms at 2020-06-09 00:00:00.000
2020-06-08 13:29:06,813 INFO 7316 [Timer] C:\Users\Administrator\Desktop\Shopping\server\node_modules\_egg-logrotator@3.1.0@egg-logrotator\app\schedule\rotate_by_file.js next time will execute after 37854187ms at 2020-06-09 00:00:01.000
2020-06-08 16:21:50,730 INFO 10468 [egg-schedule]: register schedule C:\Users\Administrator\Desktop\Shopping\server\node_modules\_egg-multipart@2.10.3@egg-multipart\app\schedule\clean_tmpdir.js
2020-06-08 16:21:50,730 INFO 10468 [egg-schedule]: register schedule C:\Users\Administrator\Desktop\Shopping\server\node_modules\_egg-logrotator@3.1.0@egg-logrotator\app\schedule\clean_log.js
2020-06-08 16:21:50,730 INFO 10468 [egg-schedule]: register schedule C:\Users\Administrator\Desktop\Shopping\server\node_modules\_egg-logrotator@3.1.0@egg-logrotator\app\schedule\rotate_by_file.js
2020-06-08 16:22:01,384 INFO 10776 [Timer] C:\Users\Administrator\Desktop\Shopping\server\node_modules\_egg-multipart@2.10.3@egg-multipart\app\schedule\clean_tmpdir.js next time will execute after 43678618ms at 2020-06-09 04:30:00.002
2020-06-08 16:22:01,384 INFO 10776 [Timer] C:\Users\Administrator\Desktop\Shopping\server\node_modules\_egg-logrotator@3.1.0@egg-logrotator\app\schedule\clean_log.js next time will execute after 27478616ms at 2020-06-09 00:00:00.000
2020-06-08 16:22:01,384 INFO 10776 [Timer] C:\Users\Administrator\Desktop\Shopping\server\node_modules\_egg-logrotator@3.1.0@egg-logrotator\app\schedule\rotate_by_file.js next time will execute after 27479616ms at 2020-06-09 00:00:01.000
2020-06-08 16:22:00,764 INFO 9212 [egg-schedule]: register schedule C:\Users\Administrator\Desktop\Shopping\server\node_modules\_egg-multipart@2.10.3@egg-multipart\app\schedule\clean_tmpdir.js
2020-06-08 16:22:00,764 INFO 9212 [egg-schedule]: register schedule C:\Users\Administrator\Desktop\Shopping\server\node_modules\_egg-logrotator@3.1.0@egg-logrotator\app\schedule\clean_log.js
2020-06-08 16:22:00,764 INFO 9212 [egg-schedule]: register schedule C:\Users\Administrator\Desktop\Shopping\server\node_modules\_egg-logrotator@3.1.0@egg-logrotator\app\schedule\rotate_by_file.js
2020-06-17 17:04:01,710 INFO 7592 [Timer] C:\Users\Administrator\Desktop\Shopping\项目资料\server\node_modules\_egg-multipart@2.10.3@egg-multipart\app\schedule\clean_tmpdir.js next time will execute after 41158292ms at 2020-06-18 04:30:00.002
2020-06-17 17:04:01,711 INFO 7592 [Timer] C:\Users\Administrator\Desktop\Shopping\项目资料\server\node_modules\_egg-logrotator@3.1.0@egg-logrotator\app\schedule\clean_log.js next time will execute after 24958289ms at 2020-06-18 00:00:00.000
2020-06-17 17:04:01,711 INFO 7592 [Timer] C:\Users\Administrator\Desktop\Shopping\项目资料\server\node_modules\_egg-logrotator@3.1.0@egg-logrotator\app\schedule\rotate_by_file.js next time will execute after 24959289ms at 2020-06-18 00:00:01.000
2020-06-17 17:04:00,957 INFO 10840 [egg-schedule]: register schedule C:\Users\Administrator\Desktop\Shopping\项目资料\server\node_modules\_egg-multipart@2.10.3@egg-multipart\app\schedule\clean_tmpdir.js
2020-06-17 17:04:00,957 INFO 10840 [egg-schedule]: register schedule C:\Users\Administrator\Desktop\Shopping\项目资料\server\node_modules\_egg-logrotator@3.1.0@egg-logrotator\app\schedule\clean_log.js
2020-06-17 17:04:00,957 INFO 10840 [egg-schedule]: register schedule C:\Users\Administrator\Desktop\Shopping\项目资料\server\node_modules\_egg-logrotator@3.1.0@egg-logrotator\app\schedule\rotate_by_file.js
2020-06-17 17:35:34,013 INFO 16216 [egg-schedule]: register schedule C:\Users\MECHREVO\Desktop\wosini-vue\server\node_modules\_egg-multipart@2.10.3@egg-multipart\app\schedule\clean_tmpdir.js
2020-06-17 17:35:34,013 INFO 16216 [egg-schedule]: register schedule C:\Users\MECHREVO\Desktop\wosini-vue\server\node_modules\_egg-logrotator@3.1.0@egg-logrotator\app\schedule\clean_log.js
2020-06-17 17:35:34,013 INFO 16216 [egg-schedule]: register schedule C:\Users\MECHREVO\Desktop\wosini-vue\server\node_modules\_egg-logrotator@3.1.0@egg-logrotator\app\schedule\rotate_by_file.js
2020-06-17 17:35:35,628 INFO 6232 [Timer] C:\Users\MECHREVO\Desktop\wosini-vue\server\node_modules\_egg-multipart@2.10.3@egg-multipart\app\schedule\clean_tmpdir.js next time will execute after 39264375ms at 2020-06-18 04:30:00.003
2020-06-17 17:35:35,628 INFO 6232 [Timer] C:\Users\MECHREVO\Desktop\wosini-vue\server\node_modules\_egg-logrotator@3.1.0@egg-logrotator\app\schedule\clean_log.js next time will execute after 23064372ms at 2020-06-18 00:00:00.000
2020-06-17 17:35:35,628 INFO 6232 [Timer] C:\Users\MECHREVO\Desktop\wosini-vue\server\node_modules\_egg-logrotator@3.1.0@egg-logrotator\app\schedule\rotate_by_file.js next time will execute after 23065372ms at 2020-06-18 00:00:01.000
2020-06-17 17:35:36,798 INFO 11148 [egg-schedule]: register schedule C:\Users\MECHREVO\Desktop\wosini-vue\server\node_modules\_egg-multipart@2.10.3@egg-multipart\app\schedule\clean_tmpdir.js
2020-06-17 17:35:36,798 INFO 11148 [egg-schedule]: register schedule C:\Users\MECHREVO\Desktop\wosini-vue\server\node_modules\_egg-logrotator@3.1.0@egg-logrotator\app\schedule\clean_log.js
2020-06-17 17:35:36,798 INFO 11148 [egg-schedule]: register schedule C:\Users\MECHREVO\Desktop\wosini-vue\server\node_modules\_egg-logrotator@3.1.0@egg-logrotator\app\schedule\rotate_by_file.js
2020-06-17 17:35:40,740 INFO 5636 [egg-schedule]: register schedule C:\Users\MECHREVO\Desktop\wosini-vue\server\node_modules\_egg-multipart@2.10.3@egg-multipart\app\schedule\clean_tmpdir.js
2020-06-17 17:35:40,741 INFO 5636 [egg-schedule]: register schedule C:\Users\MECHREVO\Desktop\wosini-vue\server\node_modules\_egg-logrotator@3.1.0@egg-logrotator\app\schedule\clean_log.js
2020-06-17 17:35:40,741 INFO 5636 [egg-schedule]: register schedule C:\Users\MECHREVO\Desktop\wosini-vue\server\node_modules\_egg-logrotator@3.1.0@egg-logrotator\app\schedule\rotate_by_file.js
2020-06-17 17:36:06,299 INFO 18776 [egg-schedule]: register schedule C:\Users\MECHREVO\Desktop\wosini-vue\server\node_modules\_egg-multipart@2.10.3@egg-multipart\app\schedule\clean_tmpdir.js
2020-06-17 17:36:06,299 INFO 18776 [egg-schedule]: register schedule C:\Users\MECHREVO\Desktop\wosini-vue\server\node_modules\_egg-logrotator@3.1.0@egg-logrotator\app\schedule\clean_log.js
2020-06-17 17:36:06,299 INFO 18776 [egg-schedule]: register schedule C:\Users\MECHREVO\Desktop\wosini-vue\server\node_modules\_egg-logrotator@3.1.0@egg-logrotator\app\schedule\rotate_by_file.js
2020-06-18 08:51:06,014 INFO 13952 [egg-schedule]: register schedule C:\Users\MECHREVO\Desktop\wosini-vue\server\node_modules\_egg-multipart@2.10.3@egg-multipart\app\schedule\clean_tmpdir.js
2020-06-18 08:51:06,015 INFO 13952 [egg-schedule]: register schedule C:\Users\MECHREVO\Desktop\wosini-vue\server\node_modules\_egg-logrotator@3.1.0@egg-logrotator\app\schedule\clean_log.js
2020-06-18 08:51:06,015 INFO 13952 [egg-schedule]: register schedule C:\Users\MECHREVO\Desktop\wosini-vue\server\node_modules\_egg-logrotator@3.1.0@egg-logrotator\app\schedule\rotate_by_file.js
2020-06-18 08:51:11,544 INFO 14904 [Timer] C:\Users\MECHREVO\Desktop\wosini-vue\server\node_modules\_egg-multipart@2.10.3@egg-multipart\app\schedule\clean_tmpdir.js next time will execute after 70728462ms at 2020-06-19 04:30:00.006
2020-06-18 08:51:11,545 INFO 14904 [Timer] C:\Users\MECHREVO\Desktop\wosini-vue\server\node_modules\_egg-logrotator@3.1.0@egg-logrotator\app\schedule\clean_log.js next time will execute after 54528456ms at 2020-06-19 00:00:00.001
2020-06-18 08:51:11,546 INFO 14904 [Timer] C:\Users\MECHREVO\Desktop\wosini-vue\server\node_modules\_egg-logrotator@3.1.0@egg-logrotator\app\schedule\rotate_by_file.js next time will execute after 54529455ms at 2020-06-19 00:00:01.001
2020-06-19 08:41:12,141 INFO 8448 [egg-schedule]: register schedule C:\Users\MECHREVO\Desktop\wosini-vue\server\node_modules\_egg-multipart@2.10.3@egg-multipart\app\schedule\clean_tmpdir.js
2020-06-19 08:41:12,141 INFO 8448 [egg-schedule]: register schedule C:\Users\MECHREVO\Desktop\wosini-vue\server\node_modules\_egg-logrotator@3.1.0@egg-logrotator\app\schedule\clean_log.js
2020-06-19 08:41:12,141 INFO 8448 [egg-schedule]: register schedule C:\Users\MECHREVO\Desktop\wosini-vue\server\node_modules\_egg-logrotator@3.1.0@egg-logrotator\app\schedule\rotate_by_file.js
2020-06-19 08:41:20,361 INFO 9324 [Timer] C:\Users\MECHREVO\Desktop\wosini-vue\server\node_modules\_egg-multipart@2.10.3@egg-multipart\app\schedule\clean_tmpdir.js next time will execute after 71319644ms at 2020-06-20 04:30:00.005
2020-06-19 08:41:20,362 INFO 9324 [Timer] C:\Users\MECHREVO\Desktop\wosini-vue\server\node_modules\_egg-logrotator@3.1.0@egg-logrotator\app\schedule\clean_log.js next time will execute after 55119639ms at 2020-06-20 00:00:00.001
2020-06-19 08:41:20,363 INFO 9324 [Timer] C:\Users\MECHREVO\Desktop\wosini-vue\server\node_modules\_egg-logrotator@3.1.0@egg-logrotator\app\schedule\rotate_by_file.js next time will execute after 55120638ms at 2020-06-20 00:00:01.001
2020-06-19 08:41:25,602 INFO 12888 [egg-schedule]: register schedule C:\Users\MECHREVO\Desktop\wosini-vue\server\node_modules\_egg-multipart@2.10.3@egg-multipart\app\schedule\clean_tmpdir.js
2020-06-19 08:41:25,602 INFO 12888 [egg-schedule]: register schedule C:\Users\MECHREVO\Desktop\wosini-vue\server\node_modules\_egg-logrotator@3.1.0@egg-logrotator\app\schedule\clean_log.js
2020-06-19 08:41:25,602 INFO 12888 [egg-schedule]: register schedule C:\Users\MECHREVO\Desktop\wosini-vue\server\node_modules\_egg-logrotator@3.1.0@egg-logrotator\app\schedule\rotate_by_file.js
2020-06-19 08:41:47,927 INFO 4892 [egg-schedule]: register schedule C:\Users\MECHREVO\Desktop\wosini-vue\server\node_modules\_egg-multipart@2.10.3@egg-multipart\app\schedule\clean_tmpdir.js
2020-06-19 08:41:47,927 INFO 4892 [egg-schedule]: register schedule C:\Users\MECHREVO\Desktop\wosini-vue\server\node_modules\_egg-logrotator@3.1.0@egg-logrotator\app\schedule\clean_log.js
2020-06-19 08:41:47,927 INFO 4892 [egg-schedule]: register schedule C:\Users\MECHREVO\Desktop\wosini-vue\server\node_modules\_egg-logrotator@3.1.0@egg-logrotator\app\schedule\rotate_by_file.js
2020-06-20 13:30:34,166 INFO 12400 [egg-schedule]: register schedule C:\Users\MECHREVO\Desktop\wosini-vue\server\node_modules\_egg-multipart@2.10.3@egg-multipart\app\schedule\clean_tmpdir.js
2020-06-20 13:30:34,166 INFO 12400 [egg-schedule]: register schedule C:\Users\MECHREVO\Desktop\wosini-vue\server\node_modules\_egg-logrotator@3.1.0@egg-logrotator\app\schedule\clean_log.js
2020-06-20 13:30:34,166 INFO 12400 [egg-schedule]: register schedule C:\Users\MECHREVO\Desktop\wosini-vue\server\node_modules\_egg-logrotator@3.1.0@egg-logrotator\app\schedule\rotate_by_file.js
2020-06-20 13:30:41,613 INFO 16172 [Timer] C:\Users\MECHREVO\Desktop\wosini-vue\server\node_modules\_egg-multipart@2.10.3@egg-multipart\app\schedule\clean_tmpdir.js next time will execute after 53958392ms at 2020-06-21 04:30:00.005
2020-06-20 13:30:41,614 INFO 16172 [Timer] C:\Users\MECHREVO\Desktop\wosini-vue\server\node_modules\_egg-logrotator@3.1.0@egg-logrotator\app\schedule\clean_log.js next time will execute after 37758387ms at 2020-06-21 00:00:00.001
2020-06-20 13:30:41,614 INFO 16172 [Timer] C:\Users\MECHREVO\Desktop\wosini-vue\server\node_modules\_egg-logrotator@3.1.0@egg-logrotator\app\schedule\rotate_by_file.js next time will execute after 37759386ms at 2020-06-21 00:00:01.000
2020-06-20 13:30:52,580 INFO 1500 [egg-schedule]: register schedule C:\Users\MECHREVO\Desktop\wosini-vue\server\node_modules\_egg-multipart@2.10.3@egg-multipart\app\schedule\clean_tmpdir.js
2020-06-20 13:30:52,580 INFO 1500 [egg-schedule]: register schedule C:\Users\MECHREVO\Desktop\wosini-vue\server\node_modules\_egg-logrotator@3.1.0@egg-logrotator\app\schedule\clean_log.js
2020-06-20 13:30:52,580 INFO 1500 [egg-schedule]: register schedule C:\Users\MECHREVO\Desktop\wosini-vue\server\node_modules\_egg-logrotator@3.1.0@egg-logrotator\app\schedule\rotate_by_file.js
2020-06-20 13:31:14,828 INFO 2640 [egg-schedule]: register schedule C:\Users\MECHREVO\Desktop\wosini-vue\server\node_modules\_egg-multipart@2.10.3@egg-multipart\app\schedule\clean_tmpdir.js
2020-06-20 13:31:14,828 INFO 2640 [egg-schedule]: register schedule C:\Users\MECHREVO\Desktop\wosini-vue\server\node_modules\_egg-logrotator@3.1.0@egg-logrotator\app\schedule\clean_log.js
2020-06-20 13:31:14,828 INFO 2640 [egg-schedule]: register schedule C:\Users\MECHREVO\Desktop\wosini-vue\server\node_modules\_egg-logrotator@3.1.0@egg-logrotator\app\schedule\rotate_by_file.js
2020-06-22 08:40:16,636 INFO 5124 [egg-schedule]: register schedule C:\Users\MECHREVO\Desktop\wosini-vue\server\node_modules\_egg-multipart@2.10.3@egg-multipart\app\schedule\clean_tmpdir.js
2020-06-22 08:40:16,636 INFO 5124 [egg-schedule]: register schedule C:\Users\MECHREVO\Desktop\wosini-vue\server\node_modules\_egg-logrotator@3.1.0@egg-logrotator\app\schedule\clean_log.js
2020-06-22 08:40:16,636 INFO 5124 [egg-schedule]: register schedule C:\Users\MECHREVO\Desktop\wosini-vue\server\node_modules\_egg-logrotator@3.1.0@egg-logrotator\app\schedule\rotate_by_file.js
2020-06-22 08:40:23,918 INFO 11864 [Timer] C:\Users\MECHREVO\Desktop\wosini-vue\server\node_modules\_egg-multipart@2.10.3@egg-multipart\app\schedule\clean_tmpdir.js next time will execute after 71376087ms at 2020-06-23 04:30:00.005
2020-06-22 08:40:23,918 INFO 11864 [Timer] C:\Users\MECHREVO\Desktop\wosini-vue\server\node_modules\_egg-logrotator@3.1.0@egg-logrotator\app\schedule\clean_log.js next time will execute after 55176082ms at 2020-06-23 00:00:00.000
2020-06-22 08:40:23,919 INFO 11864 [Timer] C:\Users\MECHREVO\Desktop\wosini-vue\server\node_modules\_egg-logrotator@3.1.0@egg-logrotator\app\schedule\rotate_by_file.js next time will execute after 55177082ms at 2020-06-23 00:00:01.001
2020-06-22 08:40:29,095 INFO 10464 [egg-schedule]: register schedule C:\Users\MECHREVO\Desktop\wosini-vue\server\node_modules\_egg-multipart@2.10.3@egg-multipart\app\schedule\clean_tmpdir.js
2020-06-22 08:40:29,096 INFO 10464 [egg-schedule]: register schedule C:\Users\MECHREVO\Desktop\wosini-vue\server\node_modules\_egg-logrotator@3.1.0@egg-logrotator\app\schedule\clean_log.js
2020-06-22 08:40:29,096 INFO 10464 [egg-schedule]: register schedule C:\Users\MECHREVO\Desktop\wosini-vue\server\node_modules\_egg-logrotator@3.1.0@egg-logrotator\app\schedule\rotate_by_file.js
2020-06-22 08:40:49,596 INFO 3960 [egg-schedule]: register schedule C:\Users\MECHREVO\Desktop\wosini-vue\server\node_modules\_egg-multipart@2.10.3@egg-multipart\app\schedule\clean_tmpdir.js
2020-06-22 08:40:49,596 INFO 3960 [egg-schedule]: register schedule C:\Users\MECHREVO\Desktop\wosini-vue\server\node_modules\_egg-logrotator@3.1.0@egg-logrotator\app\schedule\clean_log.js
2020-06-22 08:40:49,596 INFO 3960 [egg-schedule]: register schedule C:\Users\MECHREVO\Desktop\wosini-vue\server\node_modules\_egg-logrotator@3.1.0@egg-logrotator\app\schedule\rotate_by_file.js
2020-06-22 10:20:12,470 INFO 14108 [egg-schedule]: register schedule C:\Users\MECHREVO\Desktop\wosini-vue\server\node_modules\_egg-multipart@2.10.3@egg-multipart\app\schedule\clean_tmpdir.js
2020-06-22 10:20:12,470 INFO 14108 [egg-schedule]: register schedule C:\Users\MECHREVO\Desktop\wosini-vue\server\node_modules\_egg-logrotator@3.1.0@egg-logrotator\app\schedule\clean_log.js
2020-06-22 10:20:12,470 INFO 14108 [egg-schedule]: register schedule C:\Users\MECHREVO\Desktop\wosini-vue\server\node_modules\_egg-logrotator@3.1.0@egg-logrotator\app\schedule\rotate_by_file.js
2020-06-22 10:20:13,914 INFO 15468 [Timer] C:\Users\MECHREVO\Desktop\wosini-vue\server\node_modules\_egg-multipart@2.10.3@egg-multipart\app\schedule\clean_tmpdir.js next time will execute after 65386089ms at 2020-06-23 04:30:00.003
2020-06-22 10:20:13,914 INFO 15468 [Timer] C:\Users\MECHREVO\Desktop\wosini-vue\server\node_modules\_egg-logrotator@3.1.0@egg-logrotator\app\schedule\clean_log.js next time will execute after 49186086ms at 2020-06-23 00:00:00.000
2020-06-22 10:20:13,915 INFO 15468 [Timer] C:\Users\MECHREVO\Desktop\wosini-vue\server\node_modules\_egg-logrotator@3.1.0@egg-logrotator\app\schedule\rotate_by_file.js next time will execute after 49187085ms at 2020-06-23 00:00:01.000
2020-06-22 10:20:14,926 INFO 13952 [egg-schedule]: register schedule C:\Users\MECHREVO\Desktop\wosini-vue\server\node_modules\_egg-multipart@2.10.3@egg-multipart\app\schedule\clean_tmpdir.js
2020-06-22 10:20:14,926 INFO 13952 [egg-schedule]: register schedule C:\Users\MECHREVO\Desktop\wosini-vue\server\node_modules\_egg-logrotator@3.1.0@egg-logrotator\app\schedule\clean_log.js
2020-06-22 10:20:14,926 INFO 13952 [egg-schedule]: register schedule C:\Users\MECHREVO\Desktop\wosini-vue\server\node_modules\_egg-logrotator@3.1.0@egg-logrotator\app\schedule\rotate_by_file.js
2020-06-22 10:20:18,500 INFO 8788 [egg-schedule]: register schedule C:\Users\MECHREVO\Desktop\wosini-vue\server\node_modules\_egg-multipart@2.10.3@egg-multipart\app\schedule\clean_tmpdir.js
2020-06-22 10:20:18,500 INFO 8788 [egg-schedule]: register schedule C:\Users\MECHREVO\Desktop\wosini-vue\server\node_modules\_egg-logrotator@3.1.0@egg-logrotator\app\schedule\clean_log.js
2020-06-22 10:20:18,500 INFO 8788 [egg-schedule]: register schedule C:\Users\MECHREVO\Desktop\wosini-vue\server\node_modules\_egg-logrotator@3.1.0@egg-logrotator\app\schedule\rotate_by_file.js
2020-06-22 15:09:50,933 INFO 16216 [egg-schedule]: register schedule C:\Users\MECHREVO\Desktop\wosini-vue\server\node_modules\_egg-multipart@2.10.3@egg-multipart\app\schedule\clean_tmpdir.js
2020-06-22 15:09:50,933 INFO 16216 [egg-schedule]: register schedule C:\Users\MECHREVO\Desktop\wosini-vue\server\node_modules\_egg-logrotator@3.1.0@egg-logrotator\app\schedule\clean_log.js
2020-06-22 15:09:50,933 INFO 16216 [egg-schedule]: register schedule C:\Users\MECHREVO\Desktop\wosini-vue\server\node_modules\_egg-logrotator@3.1.0@egg-logrotator\app\schedule\rotate_by_file.js
2020-06-22 15:09:55,979 INFO 16152 [egg-schedule]: register schedule C:\Users\MECHREVO\Desktop\wosini-vue\server\node_modules\_egg-multipart@2.10.3@egg-multipart\app\schedule\clean_tmpdir.js
2020-06-22 15:09:55,979 INFO 16152 [egg-schedule]: register schedule C:\Users\MECHREVO\Desktop\wosini-vue\server\node_modules\_egg-logrotator@3.1.0@egg-logrotator\app\schedule\clean_log.js
2020-06-22 15:09:55,979 INFO 16152 [egg-schedule]: register schedule C:\Users\MECHREVO\Desktop\wosini-vue\server\node_modules\_egg-logrotator@3.1.0@egg-logrotator\app\schedule\rotate_by_file.js
2020-06-22 15:09:56,084 INFO 10904 [egg-schedule]: register schedule C:\Users\MECHREVO\Desktop\wosini-vue\server\node_modules\_egg-multipart@2.10.3@egg-multipart\app\schedule\clean_tmpdir.js
2020-06-22 15:09:56,084 INFO 10904 [egg-schedule]: register schedule C:\Users\MECHREVO\Desktop\wosini-vue\server\node_modules\_egg-logrotator@3.1.0@egg-logrotator\app\schedule\clean_log.js
2020-06-22 15:09:56,084 INFO 10904 [egg-schedule]: register schedule C:\Users\MECHREVO\Desktop\wosini-vue\server\node_modules\_egg-logrotator@3.1.0@egg-logrotator\app\schedule\rotate_by_file.js
2020-06-22 15:52:13,375 INFO 13360 [egg-schedule]: register schedule C:\Users\MECHREVO\Desktop\wosini-vue\server\node_modules\_egg-multipart@2.10.3@egg-multipart\app\schedule\clean_tmpdir.js
2020-06-22 15:52:13,375 INFO 13360 [egg-schedule]: register schedule C:\Users\MECHREVO\Desktop\wosini-vue\server\node_modules\_egg-logrotator@3.1.0@egg-logrotator\app\schedule\clean_log.js
2020-06-22 15:52:13,375 INFO 13360 [egg-schedule]: register schedule C:\Users\MECHREVO\Desktop\wosini-vue\server\node_modules\_egg-logrotator@3.1.0@egg-logrotator\app\schedule\rotate_by_file.js
2020-06-22 15:52:15,106 INFO 16360 [Timer] C:\Users\MECHREVO\Desktop\wosini-vue\server\node_modules\_egg-multipart@2.10.3@egg-multipart\app\schedule\clean_tmpdir.js next time will execute after 45464896ms at 2020-06-23 04:30:00.002
2020-06-22 15:52:15,106 INFO 16360 [Timer] C:\Users\MECHREVO\Desktop\wosini-vue\server\node_modules\_egg-logrotator@3.1.0@egg-logrotator\app\schedule\clean_log.js next time will execute after 29264894ms at 2020-06-23 00:00:00.000
2020-06-22 15:52:15,107 INFO 16360 [Timer] C:\Users\MECHREVO\Desktop\wosini-vue\server\node_modules\_egg-logrotator@3.1.0@egg-logrotator\app\schedule\rotate_by_file.js next time will execute after 29265894ms at 2020-06-23 00:00:01.001
2020-06-23 08:45:36,448 INFO 5884 [egg-schedule]: register schedule C:\Users\MECHREVO\Desktop\wosini-vue\server\node_modules\_egg-multipart@2.10.3@egg-multipart\app\schedule\clean_tmpdir.js
2020-06-23 08:45:36,448 INFO 5884 [egg-schedule]: register schedule C:\Users\MECHREVO\Desktop\wosini-vue\server\node_modules\_egg-logrotator@3.1.0@egg-logrotator\app\schedule\clean_log.js
2020-06-23 08:45:36,448 INFO 5884 [egg-schedule]: register schedule C:\Users\MECHREVO\Desktop\wosini-vue\server\node_modules\_egg-logrotator@3.1.0@egg-logrotator\app\schedule\rotate_by_file.js
2020-06-23 08:45:39,907 INFO 18604 [Timer] C:\Users\MECHREVO\Desktop\wosini-vue\server\node_modules\_egg-multipart@2.10.3@egg-multipart\app\schedule\clean_tmpdir.js next time will execute after 71060099ms at 2020-06-24 04:30:00.006
2020-06-23 08:45:39,908 INFO 18604 [Timer] C:\Users\MECHREVO\Desktop\wosini-vue\server\node_modules\_egg-logrotator@3.1.0@egg-logrotator\app\schedule\clean_log.js next time will execute after 54860093ms at 2020-06-24 00:00:00.001
2020-06-23 08:45:39,908 INFO 18604 [Timer] C:\Users\MECHREVO\Desktop\wosini-vue\server\node_modules\_egg-logrotator@3.1.0@egg-logrotator\app\schedule\rotate_by_file.js next time will execute after 54861092ms at 2020-06-24 00:00:01.000
2020-06-23 08:45:41,045 INFO 2748 [egg-schedule]: register schedule C:\Users\MECHREVO\Desktop\wosini-vue\server\node_modules\_egg-multipart@2.10.3@egg-multipart\app\schedule\clean_tmpdir.js
2020-06-23 08:45:41,045 INFO 2748 [egg-schedule]: register schedule C:\Users\MECHREVO\Desktop\wosini-vue\server\node_modules\_egg-logrotator@3.1.0@egg-logrotator\app\schedule\clean_log.js
2020-06-23 08:45:41,046 INFO 2748 [egg-schedule]: register schedule C:\Users\MECHREVO\Desktop\wosini-vue\server\node_modules\_egg-logrotator@3.1.0@egg-logrotator\app\schedule\rotate_by_file.js
2020-06-23 08:45:47,833 INFO 15900 [egg-schedule]: register schedule C:\Users\MECHREVO\Desktop\wosini-vue\server\node_modules\_egg-multipart@2.10.3@egg-multipart\app\schedule\clean_tmpdir.js
2020-06-23 08:45:47,833 INFO 15900 [egg-schedule]: register schedule C:\Users\MECHREVO\Desktop\wosini-vue\server\node_modules\_egg-logrotator@3.1.0@egg-logrotator\app\schedule\clean_log.js
2020-06-23 08:45:47,833 INFO 15900 [egg-schedule]: register schedule C:\Users\MECHREVO\Desktop\wosini-vue\server\node_modules\_egg-logrotator@3.1.0@egg-logrotator\app\schedule\rotate_by_file.js
2020-06-23 15:00:25,795 INFO 16356 [egg-schedule]: register schedule C:\Users\MECHREVO\Desktop\wosini-vue\server\node_modules\_egg-multipart@2.10.3@egg-multipart\app\schedule\clean_tmpdir.js
2020-06-23 15:00:25,795 INFO 16356 [egg-schedule]: register schedule C:\Users\MECHREVO\Desktop\wosini-vue\server\node_modules\_egg-logrotator@3.1.0@egg-logrotator\app\schedule\clean_log.js
2020-06-23 15:00:25,795 INFO 16356 [egg-schedule]: register schedule C:\Users\MECHREVO\Desktop\wosini-vue\server\node_modules\_egg-logrotator@3.1.0@egg-logrotator\app\schedule\rotate_by_file.js
2020-06-23 15:00:27,561 INFO 19396 [Timer] C:\Users\MECHREVO\Desktop\wosini-vue\server\node_modules\_egg-multipart@2.10.3@egg-multipart\app\schedule\clean_tmpdir.js next time will execute after 48572441ms at 2020-06-24 04:30:00.002
2020-06-23 15:00:27,561 INFO 19396 [Timer] C:\Users\MECHREVO\Desktop\wosini-vue\server\node_modules\_egg-logrotator@3.1.0@egg-logrotator\app\schedule\clean_log.js next time will execute after 32372439ms at 2020-06-24 00:00:00.000
2020-06-23 15:00:27,562 INFO 19396 [Timer] C:\Users\MECHREVO\Desktop\wosini-vue\server\node_modules\_egg-logrotator@3.1.0@egg-logrotator\app\schedule\rotate_by_file.js next time will execute after 32373439ms at 2020-06-24 00:00:01.001
2020-06-23 15:00:28,337 INFO 5452 [egg-schedule]: register schedule C:\Users\MECHREVO\Desktop\wosini-vue\server\node_modules\_egg-multipart@2.10.3@egg-multipart\app\schedule\clean_tmpdir.js
2020-06-23 15:00:28,337 INFO 5452 [egg-schedule]: register schedule C:\Users\MECHREVO\Desktop\wosini-vue\server\node_modules\_egg-logrotator@3.1.0@egg-logrotator\app\schedule\clean_log.js
2020-06-23 15:00:28,337 INFO 5452 [egg-schedule]: register schedule C:\Users\MECHREVO\Desktop\wosini-vue\server\node_modules\_egg-logrotator@3.1.0@egg-logrotator\app\schedule\rotate_by_file.js
2020-06-23 15:00:32,840 INFO 12252 [egg-schedule]: register schedule C:\Users\MECHREVO\Desktop\wosini-vue\server\node_modules\_egg-multipart@2.10.3@egg-multipart\app\schedule\clean_tmpdir.js
2020-06-23 15:00:32,840 INFO 12252 [egg-schedule]: register schedule C:\Users\MECHREVO\Desktop\wosini-vue\server\node_modules\_egg-logrotator@3.1.0@egg-logrotator\app\schedule\clean_log.js
2020-06-23 15:00:32,840 INFO 12252 [egg-schedule]: register schedule C:\Users\MECHREVO\Desktop\wosini-vue\server\node_modules\_egg-logrotator@3.1.0@egg-logrotator\app\schedule\rotate_by_file.js
2020-06-26 19:03:57,370 INFO 15460 [egg-schedule]: register schedule C:\Users\MECHREVO\Desktop\wosini-vue\server\node_modules\_egg-multipart@2.10.3@egg-multipart\app\schedule\clean_tmpdir.js
2020-06-26 19:03:57,370 INFO 15460 [egg-schedule]: register schedule C:\Users\MECHREVO\Desktop\wosini-vue\server\node_modules\_egg-logrotator@3.1.0@egg-logrotator\app\schedule\clean_log.js
2020-06-26 19:03:57,370 INFO 15460 [egg-schedule]: register schedule C:\Users\MECHREVO\Desktop\wosini-vue\server\node_modules\_egg-logrotator@3.1.0@egg-logrotator\app\schedule\rotate_by_file.js
2020-06-26 19:03:59,170 INFO 5408 [Timer] C:\Users\MECHREVO\Desktop\wosini-vue\server\node_modules\_egg-multipart@2.10.3@egg-multipart\app\schedule\clean_tmpdir.js next time will execute after 33960832ms at 2020-06-27 04:30:00.002
2020-06-26 19:03:59,171 INFO 5408 [Timer] C:\Users\MECHREVO\Desktop\wosini-vue\server\node_modules\_egg-logrotator@3.1.0@egg-logrotator\app\schedule\clean_log.js next time will execute after 17760829ms at 2020-06-27 00:00:00.000
2020-06-26 19:03:59,171 INFO 5408 [Timer] C:\Users\MECHREVO\Desktop\wosini-vue\server\node_modules\_egg-logrotator@3.1.0@egg-logrotator\app\schedule\rotate_by_file.js next time will execute after 17761829ms at 2020-06-27 00:00:01.000
2020-06-26 19:03:59,945 INFO 18388 [egg-schedule]: register schedule C:\Users\MECHREVO\Desktop\wosini-vue\server\node_modules\_egg-multipart@2.10.3@egg-multipart\app\schedule\clean_tmpdir.js
2020-06-26 19:03:59,945 INFO 18388 [egg-schedule]: register schedule C:\Users\MECHREVO\Desktop\wosini-vue\server\node_modules\_egg-logrotator@3.1.0@egg-logrotator\app\schedule\clean_log.js
2020-06-26 19:03:59,945 INFO 18388 [egg-schedule]: register schedule C:\Users\MECHREVO\Desktop\wosini-vue\server\node_modules\_egg-logrotator@3.1.0@egg-logrotator\app\schedule\rotate_by_file.js
2020-06-26 19:04:03,732 INFO 7916 [egg-schedule]: register schedule C:\Users\MECHREVO\Desktop\wosini-vue\server\node_modules\_egg-multipart@2.10.3@egg-multipart\app\schedule\clean_tmpdir.js
2020-06-26 19:04:03,732 INFO 7916 [egg-schedule]: register schedule C:\Users\MECHREVO\Desktop\wosini-vue\server\node_modules\_egg-logrotator@3.1.0@egg-logrotator\app\schedule\clean_log.js
2020-06-26 19:04:03,732 INFO 7916 [egg-schedule]: register schedule C:\Users\MECHREVO\Desktop\wosini-vue\server\node_modules\_egg-logrotator@3.1.0@egg-logrotator\app\schedule\rotate_by_file.js
2020-06-27 17:15:56,939 INFO 12356 [egg-schedule]: register schedule C:\Users\MECHREVO\Desktop\wosini-vue\server\node_modules\_egg-multipart@2.10.3@egg-multipart\app\schedule\clean_tmpdir.js
2020-06-27 17:15:56,939 INFO 12356 [egg-schedule]: register schedule C:\Users\MECHREVO\Desktop\wosini-vue\server\node_modules\_egg-logrotator@3.1.0@egg-logrotator\app\schedule\clean_log.js
2020-06-27 17:15:56,939 INFO 12356 [egg-schedule]: register schedule C:\Users\MECHREVO\Desktop\wosini-vue\server\node_modules\_egg-logrotator@3.1.0@egg-logrotator\app\schedule\rotate_by_file.js
2020-06-27 17:15:58,870 INFO 3984 [Timer] C:\Users\MECHREVO\Desktop\wosini-vue\server\node_modules\_egg-multipart@2.10.3@egg-multipart\app\schedule\clean_tmpdir.js next time will execute after 40441133ms at 2020-06-28 04:30:00.003
2020-06-27 17:15:58,871 INFO 3984 [Timer] C:\Users\MECHREVO\Desktop\wosini-vue\server\node_modules\_egg-logrotator@3.1.0@egg-logrotator\app\schedule\clean_log.js next time will execute after 24241130ms at 2020-06-28 00:00:00.000
2020-06-27 17:15:58,871 INFO 3984 [Timer] C:\Users\MECHREVO\Desktop\wosini-vue\server\node_modules\_egg-logrotator@3.1.0@egg-logrotator\app\schedule\rotate_by_file.js next time will execute after 24242129ms at 2020-06-28 00:00:01.000
2020-06-27 17:15:59,487 INFO 1120 [egg-schedule]: register schedule C:\Users\MECHREVO\Desktop\wosini-vue\server\node_modules\_egg-multipart@2.10.3@egg-multipart\app\schedule\clean_tmpdir.js
2020-06-27 17:15:59,487 INFO 1120 [egg-schedule]: register schedule C:\Users\MECHREVO\Desktop\wosini-vue\server\node_modules\_egg-logrotator@3.1.0@egg-logrotator\app\schedule\clean_log.js
2020-06-27 17:15:59,487 INFO 1120 [egg-schedule]: register schedule C:\Users\MECHREVO\Desktop\wosini-vue\server\node_modules\_egg-logrotator@3.1.0@egg-logrotator\app\schedule\rotate_by_file.js
2020-06-27 17:16:03,640 INFO 13252 [egg-schedule]: register schedule C:\Users\MECHREVO\Desktop\wosini-vue\server\node_modules\_egg-multipart@2.10.3@egg-multipart\app\schedule\clean_tmpdir.js
2020-06-27 17:16:03,640 INFO 13252 [egg-schedule]: register schedule C:\Users\MECHREVO\Desktop\wosini-vue\server\node_modules\_egg-logrotator@3.1.0@egg-logrotator\app\schedule\clean_log.js
2020-06-27 17:16:03,640 INFO 13252 [egg-schedule]: register schedule C:\Users\MECHREVO\Desktop\wosini-vue\server\node_modules\_egg-logrotator@3.1.0@egg-logrotator\app\schedule\rotate_by_file.js
2020-06-28 08:37:43,513 INFO 10844 [egg-schedule]: register schedule C:\Users\MECHREVO\Desktop\wosini-vue\server\node_modules\_egg-multipart@2.10.3@egg-multipart\app\schedule\clean_tmpdir.js
2020-06-28 08:37:43,513 INFO 10844 [egg-schedule]: register schedule C:\Users\MECHREVO\Desktop\wosini-vue\server\node_modules\_egg-logrotator@3.1.0@egg-logrotator\app\schedule\clean_log.js
2020-06-28 08:37:43,513 INFO 10844 [egg-schedule]: register schedule C:\Users\MECHREVO\Desktop\wosini-vue\server\node_modules\_egg-logrotator@3.1.0@egg-logrotator\app\schedule\rotate_by_file.js
2020-06-28 08:37:49,646 INFO 7260 [Timer] C:\Users\MECHREVO\Desktop\wosini-vue\server\node_modules\_egg-multipart@2.10.3@egg-multipart\app\schedule\clean_tmpdir.js next time will execute after 71530359ms at 2020-06-29 04:30:00.005
2020-06-28 08:37:49,647 INFO 7260 [Timer] C:\Users\MECHREVO\Desktop\wosini-vue\server\node_modules\_egg-logrotator@3.1.0@egg-logrotator\app\schedule\clean_log.js next time will execute after 55330354ms at 2020-06-29 00:00:00.001
2020-06-28 08:37:49,647 INFO 7260 [Timer] C:\Users\MECHREVO\Desktop\wosini-vue\server\node_modules\_egg-logrotator@3.1.0@egg-logrotator\app\schedule\rotate_by_file.js next time will execute after 55331353ms at 2020-06-29 00:00:01.000
2020-06-28 08:37:54,550 INFO 5528 [egg-schedule]: register schedule C:\Users\MECHREVO\Desktop\wosini-vue\server\node_modules\_egg-multipart@2.10.3@egg-multipart\app\schedule\clean_tmpdir.js
2020-06-28 08:37:54,550 INFO 5528 [egg-schedule]: register schedule C:\Users\MECHREVO\Desktop\wosini-vue\server\node_modules\_egg-logrotator@3.1.0@egg-logrotator\app\schedule\clean_log.js
2020-06-28 08:37:54,550 INFO 5528 [egg-schedule]: register schedule C:\Users\MECHREVO\Desktop\wosini-vue\server\node_modules\_egg-logrotator@3.1.0@egg-logrotator\app\schedule\rotate_by_file.js
2020-06-28 08:38:11,846 INFO 2432 [egg-schedule]: register schedule C:\Users\MECHREVO\Desktop\wosini-vue\server\node_modules\_egg-multipart@2.10.3@egg-multipart\app\schedule\clean_tmpdir.js
2020-06-28 08:38:11,846 INFO 2432 [egg-schedule]: register schedule C:\Users\MECHREVO\Desktop\wosini-vue\server\node_modules\_egg-logrotator@3.1.0@egg-logrotator\app\schedule\clean_log.js
2020-06-28 08:38:11,846 INFO 2432 [egg-schedule]: register schedule C:\Users\MECHREVO\Desktop\wosini-vue\server\node_modules\_egg-logrotator@3.1.0@egg-logrotator\app\schedule\rotate_by_file.js
2020-06-29 08:44:08,110 INFO 2176 [egg-schedule]: register schedule C:\Users\MECHREVO\Desktop\wosini-vue\server\node_modules\_egg-multipart@2.10.3@egg-multipart\app\schedule\clean_tmpdir.js
2020-06-29 08:44:08,110 INFO 2176 [egg-schedule]: register schedule C:\Users\MECHREVO\Desktop\wosini-vue\server\node_modules\_egg-logrotator@3.1.0@egg-logrotator\app\schedule\clean_log.js
2020-06-29 08:44:08,110 INFO 2176 [egg-schedule]: register schedule C:\Users\MECHREVO\Desktop\wosini-vue\server\node_modules\_egg-logrotator@3.1.0@egg-logrotator\app\schedule\rotate_by_file.js
2020-06-29 08:44:15,208 INFO 2068 [Timer] C:\Users\MECHREVO\Desktop\wosini-vue\server\node_modules\_egg-multipart@2.10.3@egg-multipart\app\schedule\clean_tmpdir.js next time will execute after 71144798ms at 2020-06-30 04:30:00.006
2020-06-29 08:44:15,209 INFO 2068 [Timer] C:\Users\MECHREVO\Desktop\wosini-vue\server\node_modules\_egg-logrotator@3.1.0@egg-logrotator\app\schedule\clean_log.js next time will execute after 54944792ms at 2020-06-30 00:00:00.001
2020-06-29 08:44:15,210 INFO 2068 [Timer] C:\Users\MECHREVO\Desktop\wosini-vue\server\node_modules\_egg-logrotator@3.1.0@egg-logrotator\app\schedule\rotate_by_file.js next time will execute after 54945791ms at 2020-06-30 00:00:01.001
2020-06-29 08:44:20,151 INFO 5272 [egg-schedule]: register schedule C:\Users\MECHREVO\Desktop\wosini-vue\server\node_modules\_egg-multipart@2.10.3@egg-multipart\app\schedule\clean_tmpdir.js
2020-06-29 08:44:20,151 INFO 5272 [egg-schedule]: register schedule C:\Users\MECHREVO\Desktop\wosini-vue\server\node_modules\_egg-logrotator@3.1.0@egg-logrotator\app\schedule\clean_log.js
2020-06-29 08:44:20,151 INFO 5272 [egg-schedule]: register schedule C:\Users\MECHREVO\Desktop\wosini-vue\server\node_modules\_egg-logrotator@3.1.0@egg-logrotator\app\schedule\rotate_by_file.js
2020-06-29 08:44:39,111 INFO 10700 [egg-schedule]: register schedule C:\Users\MECHREVO\Desktop\wosini-vue\server\node_modules\_egg-multipart@2.10.3@egg-multipart\app\schedule\clean_tmpdir.js
2020-06-29 08:44:39,111 INFO 10700 [egg-schedule]: register schedule C:\Users\MECHREVO\Desktop\wosini-vue\server\node_modules\_egg-logrotator@3.1.0@egg-logrotator\app\schedule\clean_log.js
2020-06-29 08:44:39,111 INFO 10700 [egg-schedule]: register schedule C:\Users\MECHREVO\Desktop\wosini-vue\server\node_modules\_egg-logrotator@3.1.0@egg-logrotator\app\schedule\rotate_by_file.js
2020-06-30 08:46:39,973 INFO 13412 [egg-schedule]: register schedule C:\Users\MECHREVO\Desktop\wosini-vue\server\node_modules\_egg-multipart@2.10.3@egg-multipart\app\schedule\clean_tmpdir.js
2020-06-30 08:46:39,973 INFO 13412 [egg-schedule]: register schedule C:\Users\MECHREVO\Desktop\wosini-vue\server\node_modules\_egg-logrotator@3.1.0@egg-logrotator\app\schedule\clean_log.js
2020-06-30 08:46:39,973 INFO 13412 [egg-schedule]: register schedule C:\Users\MECHREVO\Desktop\wosini-vue\server\node_modules\_egg-logrotator@3.1.0@egg-logrotator\app\schedule\rotate_by_file.js
2020-06-30 08:47:00,079 INFO 6696 [Timer] C:\Users\MECHREVO\Desktop\wosini-vue\server\node_modules\_egg-multipart@2.10.3@egg-multipart\app\schedule\clean_tmpdir.js next time will execute after 70979936ms at 2020-07-01 04:30:00.015
2020-06-30 08:47:00,082 INFO 6696 [Timer] C:\Users\MECHREVO\Desktop\wosini-vue\server\node_modules\_egg-logrotator@3.1.0@egg-logrotator\app\schedule\clean_log.js next time will execute after 54779920ms at 2020-07-01 00:00:00.002
2020-06-30 08:47:00,085 INFO 6696 [Timer] C:\Users\MECHREVO\Desktop\wosini-vue\server\node_modules\_egg-logrotator@3.1.0@egg-logrotator\app\schedule\rotate_by_file.js next time will execute after 54780918ms at 2020-07-01 00:00:01.003
2020-06-30 08:52:20,777 INFO 3632 [egg-schedule]: register schedule C:\Users\MECHREVO\Desktop\wosini-vue\server\node_modules\_egg-multipart@2.10.3@egg-multipart\app\schedule\clean_tmpdir.js
2020-06-30 08:52:20,777 INFO 3632 [egg-schedule]: register schedule C:\Users\MECHREVO\Desktop\wosini-vue\server\node_modules\_egg-logrotator@3.1.0@egg-logrotator\app\schedule\clean_log.js
2020-06-30 08:52:20,777 INFO 3632 [egg-schedule]: register schedule C:\Users\MECHREVO\Desktop\wosini-vue\server\node_modules\_egg-logrotator@3.1.0@egg-logrotator\app\schedule\rotate_by_file.js
2020-06-30 08:52:35,914 INFO 6780 [Timer] C:\Users\MECHREVO\Desktop\wosini-vue\server\node_modules\_egg-multipart@2.10.3@egg-multipart\app\schedule\clean_tmpdir.js next time will execute after 70644101ms at 2020-07-01 04:30:00.015
2020-06-30 08:52:35,917 INFO 6780 [Timer] C:\Users\MECHREVO\Desktop\wosini-vue\server\node_modules\_egg-logrotator@3.1.0@egg-logrotator\app\schedule\clean_log.js next time will execute after 54444085ms at 2020-07-01 00:00:00.002
2020-06-30 08:52:35,920 INFO 6780 [Timer] C:\Users\MECHREVO\Desktop\wosini-vue\server\node_modules\_egg-logrotator@3.1.0@egg-logrotator\app\schedule\rotate_by_file.js next time will execute after 54445083ms at 2020-07-01 00:00:01.003
2020-06-30 08:54:53,103 INFO 8356 [egg-schedule]: register schedule C:\Users\MECHREVO\Desktop\wosini-vue\server\node_modules\_egg-multipart@2.10.3@egg-multipart\app\schedule\clean_tmpdir.js
2020-06-30 08:54:53,103 INFO 8356 [egg-schedule]: register schedule C:\Users\MECHREVO\Desktop\wosini-vue\server\node_modules\_egg-logrotator@3.1.0@egg-logrotator\app\schedule\clean_log.js
2020-06-30 08:54:53,104 INFO 8356 [egg-schedule]: register schedule C:\Users\MECHREVO\Desktop\wosini-vue\server\node_modules\_egg-logrotator@3.1.0@egg-logrotator\app\schedule\rotate_by_file.js
2020-06-30 08:54:57,224 INFO 8172 [Timer] C:\Users\MECHREVO\Desktop\wosini-vue\server\node_modules\_egg-multipart@2.10.3@egg-multipart\app\schedule\clean_tmpdir.js next time will execute after 70502784ms at 2020-07-01 04:30:00.008
2020-06-30 08:54:57,226 INFO 8172 [Timer] C:\Users\MECHREVO\Desktop\wosini-vue\server\node_modules\_egg-logrotator@3.1.0@egg-logrotator\app\schedule\clean_log.js next time will execute after 54302775ms at 2020-07-01 00:00:00.001
2020-06-30 08:54:57,228 INFO 8172 [Timer] C:\Users\MECHREVO\Desktop\wosini-vue\server\node_modules\_egg-logrotator@3.1.0@egg-logrotator\app\schedule\rotate_by_file.js next time will execute after 54303774ms at 2020-07-01 00:00:01.002
2020-06-30 09:30:24,132 INFO 14328 [egg-schedule]: register schedule C:\Users\MECHREVO\Desktop\wosini-vue\server\node_modules\_egg-multipart@2.10.3@egg-multipart\app\schedule\clean_tmpdir.js
2020-06-30 09:30:24,132 INFO 14328 [egg-schedule]: register schedule C:\Users\MECHREVO\Desktop\wosini-vue\server\node_modules\_egg-logrotator@3.1.0@egg-logrotator\app\schedule\clean_log.js
2020-06-30 09:30:24,132 INFO 14328 [egg-schedule]: register schedule C:\Users\MECHREVO\Desktop\wosini-vue\server\node_modules\_egg-logrotator@3.1.0@egg-logrotator\app\schedule\rotate_by_file.js
2020-06-30 09:30:31,504 INFO 8624 [Timer] C:\Users\MECHREVO\Desktop\wosini-vue\server\node_modules\_egg-multipart@2.10.3@egg-multipart\app\schedule\clean_tmpdir.js next time will execute after 68368501ms at 2020-07-01 04:30:00.005
2020-06-30 09:30:31,505 INFO 8624 [Timer] C:\Users\MECHREVO\Desktop\wosini-vue\server\node_modules\_egg-logrotator@3.1.0@egg-logrotator\app\schedule\clean_log.js next time will execute after 52168496ms at 2020-07-01 00:00:00.001
2020-06-30 09:30:31,506 INFO 8624 [Timer] C:\Users\MECHREVO\Desktop\wosini-vue\server\node_modules\_egg-logrotator@3.1.0@egg-logrotator\app\schedule\rotate_by_file.js next time will execute after 52169495ms at 2020-07-01 00:00:01.001
2020-06-30 16:11:28,772 INFO 17008 [egg-schedule]: register schedule C:\Users\MECHREVO\Desktop\wosini-vue\server\node_modules\_egg-multipart@2.10.3@egg-multipart\app\schedule\clean_tmpdir.js
2020-06-30 16:11:28,772 INFO 17008 [egg-schedule]: register schedule C:\Users\MECHREVO\Desktop\wosini-vue\server\node_modules\_egg-logrotator@3.1.0@egg-logrotator\app\schedule\clean_log.js
2020-06-30 16:11:28,772 INFO 17008 [egg-schedule]: register schedule C:\Users\MECHREVO\Desktop\wosini-vue\server\node_modules\_egg-logrotator@3.1.0@egg-logrotator\app\schedule\rotate_by_file.js
2020-06-30 16:11:31,236 INFO 3364 [Timer] C:\Users\MECHREVO\Desktop\wosini-vue\server\node_modules\_egg-multipart@2.10.3@egg-multipart\app\schedule\clean_tmpdir.js next time will execute after 44308769ms at 2020-07-01 04:30:00.005
2020-06-30 16:11:31,237 INFO 3364 [Timer] C:\Users\MECHREVO\Desktop\wosini-vue\server\node_modules\_egg-logrotator@3.1.0@egg-logrotator\app\schedule\clean_log.js next time will execute after 28108764ms at 2020-07-01 00:00:00.001
2020-06-30 16:11:31,238 INFO 3364 [Timer] C:\Users\MECHREVO\Desktop\wosini-vue\server\node_modules\_egg-logrotator@3.1.0@egg-logrotator\app\schedule\rotate_by_file.js next time will execute after 28109763ms at 2020-07-01 00:00:01.001
2020-06-30 16:11:32,501 INFO 17120 [egg-schedule]: register schedule C:\Users\MECHREVO\Desktop\wosini-vue\server\node_modules\_egg-multipart@2.10.3@egg-multipart\app\schedule\clean_tmpdir.js
2020-06-30 16:11:32,501 INFO 17120 [egg-schedule]: register schedule C:\Users\MECHREVO\Desktop\wosini-vue\server\node_modules\_egg-logrotator@3.1.0@egg-logrotator\app\schedule\clean_log.js
2020-06-30 16:11:32,502 INFO 17120 [egg-schedule]: register schedule C:\Users\MECHREVO\Desktop\wosini-vue\server\node_modules\_egg-logrotator@3.1.0@egg-logrotator\app\schedule\rotate_by_file.js
2020-06-30 16:11:36,834 INFO 10880 [egg-schedule]: register schedule C:\Users\MECHREVO\Desktop\wosini-vue\server\node_modules\_egg-multipart@2.10.3@egg-multipart\app\schedule\clean_tmpdir.js
2020-06-30 16:11:36,834 INFO 10880 [egg-schedule]: register schedule C:\Users\MECHREVO\Desktop\wosini-vue\server\node_modules\_egg-logrotator@3.1.0@egg-logrotator\app\schedule\clean_log.js
2020-06-30 16:11:36,834 INFO 10880 [egg-schedule]: register schedule C:\Users\MECHREVO\Desktop\wosini-vue\server\node_modules\_egg-logrotator@3.1.0@egg-logrotator\app\schedule\rotate_by_file.js
2020-07-01 08:51:03,293 INFO 15876 [egg-schedule]: register schedule C:\Users\MECHREVO\Desktop\wosini-vue\server\node_modules\_egg-multipart@2.10.3@egg-multipart\app\schedule\clean_tmpdir.js
2020-07-01 08:51:03,293 INFO 15876 [egg-schedule]: register schedule C:\Users\MECHREVO\Desktop\wosini-vue\server\node_modules\_egg-logrotator@3.1.0@egg-logrotator\app\schedule\clean_log.js
2020-07-01 08:51:03,293 INFO 15876 [egg-schedule]: register schedule C:\Users\MECHREVO\Desktop\wosini-vue\server\node_modules\_egg-logrotator@3.1.0@egg-logrotator\app\schedule\rotate_by_file.js
2020-07-01 08:51:05,255 INFO 1252 [Timer] C:\Users\MECHREVO\Desktop\wosini-vue\server\node_modules\_egg-multipart@2.10.3@egg-multipart\app\schedule\clean_tmpdir.js next time will execute after 70734747ms at 2020-07-02 04:30:00.002
2020-07-01 08:51:05,256 INFO 1252 [Timer] C:\Users\MECHREVO\Desktop\wosini-vue\server\node_modules\_egg-logrotator@3.1.0@egg-logrotator\app\schedule\clean_log.js next time will execute after 54534745ms at 2020-07-02 00:00:00.001
2020-07-01 08:51:05,256 INFO 1252 [Timer] C:\Users\MECHREVO\Desktop\wosini-vue\server\node_modules\_egg-logrotator@3.1.0@egg-logrotator\app\schedule\rotate_by_file.js next time will execute after 54535744ms at 2020-07-02 00:00:01.000
2020-07-01 08:51:05,700 INFO 3780 [egg-schedule]: register schedule C:\Users\MECHREVO\Desktop\wosini-vue\server\node_modules\_egg-multipart@2.10.3@egg-multipart\app\schedule\clean_tmpdir.js
2020-07-01 08:51:05,700 INFO 3780 [egg-schedule]: register schedule C:\Users\MECHREVO\Desktop\wosini-vue\server\node_modules\_egg-logrotator@3.1.0@egg-logrotator\app\schedule\clean_log.js
2020-07-01 08:51:05,700 INFO 3780 [egg-schedule]: register schedule C:\Users\MECHREVO\Desktop\wosini-vue\server\node_modules\_egg-logrotator@3.1.0@egg-logrotator\app\schedule\rotate_by_file.js
2020-07-01 08:51:09,037 INFO 9260 [egg-schedule]: register schedule C:\Users\MECHREVO\Desktop\wosini-vue\server\node_modules\_egg-multipart@2.10.3@egg-multipart\app\schedule\clean_tmpdir.js
2020-07-01 08:51:09,037 INFO 9260 [egg-schedule]: register schedule C:\Users\MECHREVO\Desktop\wosini-vue\server\node_modules\_egg-logrotator@3.1.0@egg-logrotator\app\schedule\clean_log.js
2020-07-01 08:51:09,037 INFO 9260 [egg-schedule]: register schedule C:\Users\MECHREVO\Desktop\wosini-vue\server\node_modules\_egg-logrotator@3.1.0@egg-logrotator\app\schedule\rotate_by_file.js
2020-07-02 08:40:54,285 INFO 16332 [egg-schedule]: register schedule C:\Users\MECHREVO\Desktop\wosini-vue\server\node_modules\_egg-multipart@2.10.3@egg-multipart\app\schedule\clean_tmpdir.js
2020-07-02 08:40:54,285 INFO 16332 [egg-schedule]: register schedule C:\Users\MECHREVO\Desktop\wosini-vue\server\node_modules\_egg-logrotator@3.1.0@egg-logrotator\app\schedule\clean_log.js
2020-07-02 08:40:54,285 INFO 16332 [egg-schedule]: register schedule C:\Users\MECHREVO\Desktop\wosini-vue\server\node_modules\_egg-logrotator@3.1.0@egg-logrotator\app\schedule\rotate_by_file.js
2020-07-02 08:40:56,328 INFO 11740 [Timer] C:\Users\MECHREVO\Desktop\wosini-vue\server\node_modules\_egg-multipart@2.10.3@egg-multipart\app\schedule\clean_tmpdir.js next time will execute after 71343677ms at 2020-07-03 04:30:00.005
2020-07-02 08:40:56,328 INFO 11740 [Timer] C:\Users\MECHREVO\Desktop\wosini-vue\server\node_modules\_egg-logrotator@3.1.0@egg-logrotator\app\schedule\clean_log.js next time will execute after 55143672ms at 2020-07-03 00:00:00.000
2020-07-02 08:40:56,329 INFO 11740 [Timer] C:\Users\MECHREVO\Desktop\wosini-vue\server\node_modules\_egg-logrotator@3.1.0@egg-logrotator\app\schedule\rotate_by_file.js next time will execute after 55144672ms at 2020-07-03 00:00:01.001
2020-07-02 08:40:57,005 INFO 1144 [egg-schedule]: register schedule C:\Users\MECHREVO\Desktop\wosini-vue\server\node_modules\_egg-multipart@2.10.3@egg-multipart\app\schedule\clean_tmpdir.js
2020-07-02 08:40:57,005 INFO 1144 [egg-schedule]: register schedule C:\Users\MECHREVO\Desktop\wosini-vue\server\node_modules\_egg-logrotator@3.1.0@egg-logrotator\app\schedule\clean_log.js
2020-07-02 08:40:57,005 INFO 1144 [egg-schedule]: register schedule C:\Users\MECHREVO\Desktop\wosini-vue\server\node_modules\_egg-logrotator@3.1.0@egg-logrotator\app\schedule\rotate_by_file.js
2020-07-02 08:41:01,015 INFO 1404 [egg-schedule]: register schedule C:\Users\MECHREVO\Desktop\wosini-vue\server\node_modules\_egg-multipart@2.10.3@egg-multipart\app\schedule\clean_tmpdir.js
2020-07-02 08:41:01,015 INFO 1404 [egg-schedule]: register schedule C:\Users\MECHREVO\Desktop\wosini-vue\server\node_modules\_egg-logrotator@3.1.0@egg-logrotator\app\schedule\clean_log.js
2020-07-02 08:41:01,015 INFO 1404 [egg-schedule]: register schedule C:\Users\MECHREVO\Desktop\wosini-vue\server\node_modules\_egg-logrotator@3.1.0@egg-logrotator\app\schedule\rotate_by_file.js
2020-07-02 18:12:58,451 INFO 19216 [egg-schedule]: register schedule C:\Users\MECHREVO\Desktop\wosini-vue\server\node_modules\_egg-multipart@2.10.3@egg-multipart\app\schedule\clean_tmpdir.js
2020-07-02 18:12:58,451 INFO 19216 [egg-schedule]: register schedule C:\Users\MECHREVO\Desktop\wosini-vue\server\node_modules\_egg-logrotator@3.1.0@egg-logrotator\app\schedule\clean_log.js
2020-07-02 18:12:58,451 INFO 19216 [egg-schedule]: register schedule C:\Users\MECHREVO\Desktop\wosini-vue\server\node_modules\_egg-logrotator@3.1.0@egg-logrotator\app\schedule\rotate_by_file.js
2020-07-02 18:13:00,622 INFO 10136 [Timer] C:\Users\MECHREVO\Desktop\wosini-vue\server\node_modules\_egg-multipart@2.10.3@egg-multipart\app\schedule\clean_tmpdir.js next time will execute after 37019380ms at 2020-07-03 04:30:00.002
2020-07-02 18:13:00,623 INFO 10136 [Timer] C:\Users\MECHREVO\Desktop\wosini-vue\server\node_modules\_egg-logrotator@3.1.0@egg-logrotator\app\schedule\clean_log.js next time will execute after 20819377ms at 2020-07-03 00:00:00.000
2020-07-02 18:13:00,623 INFO 10136 [Timer] C:\Users\MECHREVO\Desktop\wosini-vue\server\node_modules\_egg-logrotator@3.1.0@egg-logrotator\app\schedule\rotate_by_file.js next time will execute after 20820377ms at 2020-07-03 00:00:01.000
2020-07-02 18:13:01,417 INFO 9316 [egg-schedule]: register schedule C:\Users\MECHREVO\Desktop\wosini-vue\server\node_modules\_egg-multipart@2.10.3@egg-multipart\app\schedule\clean_tmpdir.js
2020-07-02 18:13:01,417 INFO 9316 [egg-schedule]: register schedule C:\Users\MECHREVO\Desktop\wosini-vue\server\node_modules\_egg-logrotator@3.1.0@egg-logrotator\app\schedule\clean_log.js
2020-07-02 18:13:01,417 INFO 9316 [egg-schedule]: register schedule C:\Users\MECHREVO\Desktop\wosini-vue\server\node_modules\_egg-logrotator@3.1.0@egg-logrotator\app\schedule\rotate_by_file.js
2020-07-02 18:13:06,991 INFO 9380 [egg-schedule]: register schedule C:\Users\MECHREVO\Desktop\wosini-vue\server\node_modules\_egg-multipart@2.10.3@egg-multipart\app\schedule\clean_tmpdir.js
2020-07-02 18:13:06,991 INFO 9380 [egg-schedule]: register schedule C:\Users\MECHREVO\Desktop\wosini-vue\server\node_modules\_egg-logrotator@3.1.0@egg-logrotator\app\schedule\clean_log.js
2020-07-02 18:13:06,991 INFO 9380 [egg-schedule]: register schedule C:\Users\MECHREVO\Desktop\wosini-vue\server\node_modules\_egg-logrotator@3.1.0@egg-logrotator\app\schedule\rotate_by_file.js
2020-07-03 08:50:49,344 INFO 20672 [egg-schedule]: register schedule C:\Users\MECHREVO\Desktop\wosini-vue\server\node_modules\_egg-multipart@2.10.3@egg-multipart\app\schedule\clean_tmpdir.js
2020-07-03 08:50:49,344 INFO 20672 [egg-schedule]: register schedule C:\Users\MECHREVO\Desktop\wosini-vue\server\node_modules\_egg-logrotator@3.1.0@egg-logrotator\app\schedule\clean_log.js
2020-07-03 08:50:49,344 INFO 20672 [egg-schedule]: register schedule C:\Users\MECHREVO\Desktop\wosini-vue\server\node_modules\_egg-logrotator@3.1.0@egg-logrotator\app\schedule\rotate_by_file.js
2020-07-03 08:50:52,897 INFO 16980 [Timer] C:\Users\MECHREVO\Desktop\wosini-vue\server\node_modules\_egg-multipart@2.10.3@egg-multipart\app\schedule\clean_tmpdir.js next time will execute after 70747113ms at 2020-07-04 04:30:00.010
2020-07-03 08:50:52,899 INFO 16980 [Timer] C:\Users\MECHREVO\Desktop\wosini-vue\server\node_modules\_egg-logrotator@3.1.0@egg-logrotator\app\schedule\clean_log.js next time will execute after 54547102ms at 2020-07-04 00:00:00.001
2020-07-03 08:50:52,900 INFO 16980 [Timer] C:\Users\MECHREVO\Desktop\wosini-vue\server\node_modules\_egg-logrotator@3.1.0@egg-logrotator\app\schedule\rotate_by_file.js next time will execute after 54548101ms at 2020-07-04 00:00:01.001
2020-07-03 08:50:54,520 INFO 16376 [egg-schedule]: register schedule C:\Users\MECHREVO\Desktop\wosini-vue\server\node_modules\_egg-multipart@2.10.3@egg-multipart\app\schedule\clean_tmpdir.js
2020-07-03 08:50:54,520 INFO 16376 [egg-schedule]: register schedule C:\Users\MECHREVO\Desktop\wosini-vue\server\node_modules\_egg-logrotator@3.1.0@egg-logrotator\app\schedule\clean_log.js
2020-07-03 08:50:54,520 INFO 16376 [egg-schedule]: register schedule C:\Users\MECHREVO\Desktop\wosini-vue\server\node_modules\_egg-logrotator@3.1.0@egg-logrotator\app\schedule\rotate_by_file.js
2020-07-03 08:51:02,832 INFO 15812 [egg-schedule]: register schedule C:\Users\MECHREVO\Desktop\wosini-vue\server\node_modules\_egg-multipart@2.10.3@egg-multipart\app\schedule\clean_tmpdir.js
2020-07-03 08:51:02,832 INFO 15812 [egg-schedule]: register schedule C:\Users\MECHREVO\Desktop\wosini-vue\server\node_modules\_egg-logrotator@3.1.0@egg-logrotator\app\schedule\clean_log.js
2020-07-03 08:51:02,832 INFO 15812 [egg-schedule]: register schedule C:\Users\MECHREVO\Desktop\wosini-vue\server\node_modules\_egg-logrotator@3.1.0@egg-logrotator\app\schedule\rotate_by_file.js
2020-07-03 10:11:51,867 INFO 20164 [egg-schedule]: register schedule C:\Users\MECHREVO\Desktop\wosini-vue\server\node_modules\_egg-multipart@2.10.3@egg-multipart\app\schedule\clean_tmpdir.js
2020-07-03 10:11:51,868 INFO 20164 [egg-schedule]: register schedule C:\Users\MECHREVO\Desktop\wosini-vue\server\node_modules\_egg-logrotator@3.1.0@egg-logrotator\app\schedule\clean_log.js
2020-07-03 10:11:51,868 INFO 20164 [egg-schedule]: register schedule C:\Users\MECHREVO\Desktop\wosini-vue\server\node_modules\_egg-logrotator@3.1.0@egg-logrotator\app\schedule\rotate_by_file.js
2020-07-03 10:12:00,916 INFO 724 [egg-schedule]: register schedule C:\Users\MECHREVO\Desktop\wosini-vue\server\node_modules\_egg-multipart@2.10.3@egg-multipart\app\schedule\clean_tmpdir.js
2020-07-03 10:12:00,916 INFO 724 [egg-schedule]: register schedule C:\Users\MECHREVO\Desktop\wosini-vue\server\node_modules\_egg-logrotator@3.1.0@egg-logrotator\app\schedule\clean_log.js
2020-07-03 10:12:00,916 INFO 724 [egg-schedule]: register schedule C:\Users\MECHREVO\Desktop\wosini-vue\server\node_modules\_egg-logrotator@3.1.0@egg-logrotator\app\schedule\rotate_by_file.js
2020-07-03 10:12:01,159 INFO 8860 [egg-schedule]: register schedule C:\Users\MECHREVO\Desktop\wosini-vue\server\node_modules\_egg-multipart@2.10.3@egg-multipart\app\schedule\clean_tmpdir.js
2020-07-03 10:12:01,159 INFO 8860 [egg-schedule]: register schedule C:\Users\MECHREVO\Desktop\wosini-vue\server\node_modules\_egg-logrotator@3.1.0@egg-logrotator\app\schedule\clean_log.js
2020-07-03 10:12:01,159 INFO 8860 [egg-schedule]: register schedule C:\Users\MECHREVO\Desktop\wosini-vue\server\node_modules\_egg-logrotator@3.1.0@egg-logrotator\app\schedule\rotate_by_file.js
2020-07-03 17:26:21,667 INFO 19320 [egg-schedule]: register schedule C:\Users\MECHREVO\Desktop\wosini-vue\server\node_modules\_egg-multipart@2.10.3@egg-multipart\app\schedule\clean_tmpdir.js
2020-07-03 17:26:21,667 INFO 19320 [egg-schedule]: register schedule C:\Users\MECHREVO\Desktop\wosini-vue\server\node_modules\_egg-logrotator@3.1.0@egg-logrotator\app\schedule\clean_log.js
2020-07-03 17:26:21,667 INFO 19320 [egg-schedule]: register schedule C:\Users\MECHREVO\Desktop\wosini-vue\server\node_modules\_egg-logrotator@3.1.0@egg-logrotator\app\schedule\rotate_by_file.js
2020-07-03 17:26:26,662 INFO 13036 [egg-schedule]: register schedule C:\Users\MECHREVO\Desktop\wosini-vue\server\node_modules\_egg-multipart@2.10.3@egg-multipart\app\schedule\clean_tmpdir.js
2020-07-03 17:26:26,662 INFO 13036 [egg-schedule]: register schedule C:\Users\MECHREVO\Desktop\wosini-vue\server\node_modules\_egg-logrotator@3.1.0@egg-logrotator\app\schedule\clean_log.js
2020-07-03 17:26:26,662 INFO 13036 [egg-schedule]: register schedule C:\Users\MECHREVO\Desktop\wosini-vue\server\node_modules\_egg-logrotator@3.1.0@egg-logrotator\app\schedule\rotate_by_file.js
2020-07-04 13:34:51,423 INFO 18740 [egg-schedule]: register schedule C:\Users\MECHREVO\Desktop\wosini-vue\server\node_modules\_egg-multipart@2.10.3@egg-multipart\app\schedule\clean_tmpdir.js
2020-07-04 13:34:51,423 INFO 18740 [egg-schedule]: register schedule C:\Users\MECHREVO\Desktop\wosini-vue\server\node_modules\_egg-logrotator@3.1.0@egg-logrotator\app\schedule\clean_log.js
2020-07-04 13:34:51,423 INFO 18740 [egg-schedule]: register schedule C:\Users\MECHREVO\Desktop\wosini-vue\server\node_modules\_egg-logrotator@3.1.0@egg-logrotator\app\schedule\rotate_by_file.js
2020-07-04 13:34:58,929 INFO 17196 [Timer] C:\Users\MECHREVO\Desktop\wosini-vue\server\node_modules\_egg-multipart@2.10.3@egg-multipart\app\schedule\clean_tmpdir.js next time will execute after 53701076ms at 2020-07-05 04:30:00.005
2020-07-04 13:34:58,930 INFO 17196 [Timer] C:\Users\MECHREVO\Desktop\wosini-vue\server\node_modules\_egg-logrotator@3.1.0@egg-logrotator\app\schedule\clean_log.js next time will execute after 37501070ms at 2020-07-05 00:00:00.000
2020-07-04 13:34:58,931 INFO 17196 [Timer] C:\Users\MECHREVO\Desktop\wosini-vue\server\node_modules\_egg-logrotator@3.1.0@egg-logrotator\app\schedule\rotate_by_file.js next time will execute after 37502070ms at 2020-07-05 00:00:01.001
2020-07-04 13:35:05,141 INFO 9660 [egg-schedule]: register schedule C:\Users\MECHREVO\Desktop\wosini-vue\server\node_modules\_egg-multipart@2.10.3@egg-multipart\app\schedule\clean_tmpdir.js
2020-07-04 13:35:05,141 INFO 9660 [egg-schedule]: register schedule C:\Users\MECHREVO\Desktop\wosini-vue\server\node_modules\_egg-logrotator@3.1.0@egg-logrotator\app\schedule\clean_log.js
2020-07-04 13:35:05,141 INFO 9660 [egg-schedule]: register schedule C:\Users\MECHREVO\Desktop\wosini-vue\server\node_modules\_egg-logrotator@3.1.0@egg-logrotator\app\schedule\rotate_by_file.js
2020-07-04 13:35:25,853 INFO 3444 [egg-schedule]: register schedule C:\Users\MECHREVO\Desktop\wosini-vue\server\node_modules\_egg-multipart@2.10.3@egg-multipart\app\schedule\clean_tmpdir.js
2020-07-04 13:35:25,853 INFO 3444 [egg-schedule]: register schedule C:\Users\MECHREVO\Desktop\wosini-vue\server\node_modules\_egg-logrotator@3.1.0@egg-logrotator\app\schedule\clean_log.js
2020-07-04 13:35:25,853 INFO 3444 [egg-schedule]: register schedule C:\Users\MECHREVO\Desktop\wosini-vue\server\node_modules\_egg-logrotator@3.1.0@egg-logrotator\app\schedule\rotate_by_file.js
2020-07-06 08:34:48,391 INFO 17628 [egg-schedule]: register schedule C:\Users\MECHREVO\Desktop\wosini-vue\server\node_modules\_egg-multipart@2.10.3@egg-multipart\app\schedule\clean_tmpdir.js
2020-07-06 08:34:48,391 INFO 17628 [egg-schedule]: register schedule C:\Users\MECHREVO\Desktop\wosini-vue\server\node_modules\_egg-logrotator@3.1.0@egg-logrotator\app\schedule\clean_log.js
2020-07-06 08:34:48,391 INFO 17628 [egg-schedule]: register schedule C:\Users\MECHREVO\Desktop\wosini-vue\server\node_modules\_egg-logrotator@3.1.0@egg-logrotator\app\schedule\rotate_by_file.js
2020-07-06 08:34:50,072 INFO 10060 [Timer] C:\Users\MECHREVO\Desktop\wosini-vue\server\node_modules\_egg-multipart@2.10.3@egg-multipart\app\schedule\clean_tmpdir.js next time will execute after 71709933ms at 2020-07-07 04:30:00.005
2020-07-06 08:34:50,073 INFO 10060 [Timer] C:\Users\MECHREVO\Desktop\wosini-vue\server\node_modules\_egg-logrotator@3.1.0@egg-logrotator\app\schedule\clean_log.js next time will execute after 55509927ms at 2020-07-07 00:00:00.000
2020-07-06 08:34:50,074 INFO 10060 [Timer] C:\Users\MECHREVO\Desktop\wosini-vue\server\node_modules\_egg-logrotator@3.1.0@egg-logrotator\app\schedule\rotate_by_file.js next time will execute after 55510927ms at 2020-07-07 00:00:01.001
2020-07-06 08:34:50,753 INFO 18492 [egg-schedule]: register schedule C:\Users\MECHREVO\Desktop\wosini-vue\server\node_modules\_egg-multipart@2.10.3@egg-multipart\app\schedule\clean_tmpdir.js
2020-07-06 08:34:50,753 INFO 18492 [egg-schedule]: register schedule C:\Users\MECHREVO\Desktop\wosini-vue\server\node_modules\_egg-logrotator@3.1.0@egg-logrotator\app\schedule\clean_log.js
2020-07-06 08:34:50,753 INFO 18492 [egg-schedule]: register schedule C:\Users\MECHREVO\Desktop\wosini-vue\server\node_modules\_egg-logrotator@3.1.0@egg-logrotator\app\schedule\rotate_by_file.js
2020-07-06 08:34:54,007 INFO 4476 [egg-schedule]: register schedule C:\Users\MECHREVO\Desktop\wosini-vue\server\node_modules\_egg-multipart@2.10.3@egg-multipart\app\schedule\clean_tmpdir.js
2020-07-06 08:34:54,007 INFO 4476 [egg-schedule]: register schedule C:\Users\MECHREVO\Desktop\wosini-vue\server\node_modules\_egg-logrotator@3.1.0@egg-logrotator\app\schedule\clean_log.js
2020-07-06 08:34:54,007 INFO 4476 [egg-schedule]: register schedule C:\Users\MECHREVO\Desktop\wosini-vue\server\node_modules\_egg-logrotator@3.1.0@egg-logrotator\app\schedule\rotate_by_file.js
